#
# There is insufficient memory for the Java Runtime Environment to continue.
# Native memory allocation (malloc) failed to allocate 2257568 bytes. Error detail: Chunk::new
# Possible reasons:
#   The system is out of physical RAM or swap space
#   This process is running with CompressedOops enabled, and the Java Heap may be blocking the growth of the native heap
# Possible solutions:
#   Reduce memory load on the system
#   Increase physical memory or swap space
#   Check if swap backing store is full
#   Decrease Java heap size (-Xmx/-Xms)
#   Decrease number of Java threads
#   Decrease Java thread stack sizes (-Xss)
#   Set larger code cache with -XX:ReservedCodeCacheSize=
#   JVM is running with Unscaled Compressed Oops mode in which the Java heap is
#     placed in the first 4GB address space. The Java Heap base address is the
#     maximum limit for the native heap growth. Please use -XX:HeapBaseMinAddress
#     to set the Java Heap base and to place the Java Heap above 4GB virtual address.
# This output file may be truncated or incomplete.
#
#  Out of Memory Error (arena.cpp:191), pid=7796, tid=9756
#
# JRE version: OpenJDK Runtime Environment (17.0.11) (build 17.0.11+0--11852314)
# Java VM: OpenJDK 64-Bit Server VM (17.0.11+0--11852314, mixed mode, tiered, compressed oops, compressed class ptrs, g1 gc, windows-amd64)
# No core dump will be written. Minidumps are not enabled by default on client versions of Windows
#

---------------  S U M M A R Y ------------

Command Line: org.jetbrains.kotlin.cli.jvm.K2JVMCompiler @D:\download\AppLyfestox\app\build\20241122_3961982724420545637.compiler.options

Host: Intel(R) Core(TM) i5-8350U CPU @ 1.70GHz, 8 cores, 7G,  Windows 11 , 64 bit Build 22621 (10.0.22621.4391)
Time: Fri Nov 22 11:18:48 2024 Malay Peninsula Standard Time elapsed time: 43.651976 seconds (0d 0h 0m 43s)

---------------  T H R E A D  ---------------

Current thread (0x0000020dfe01efa0):  JavaThread "C2 CompilerThread1" daemon [_thread_in_native, id=9756, stack(0x000000e4d3200000,0x000000e4d3300000)]


Current CompileTask:
C2:  43652 15347       4       jdk.internal.org.objectweb.asm.Frame::execute (2305 bytes)

Stack: [0x000000e4d3200000,0x000000e4d3300000]
Native frames: (J=compiled Java code, j=interpreted, Vv=VM code, C=native code)
V  [jvm.dll+0x687bb9]
V  [jvm.dll+0x84142a]
V  [jvm.dll+0x8430ae]
V  [jvm.dll+0x843713]
V  [jvm.dll+0x24a35f]
V  [jvm.dll+0xac544]
V  [jvm.dll+0xacb8c]
V  [jvm.dll+0x369c37]
V  [jvm.dll+0x33416a]
V  [jvm.dll+0x33360a]
V  [jvm.dll+0x21bed1]
V  [jvm.dll+0x21b311]
V  [jvm.dll+0x1a63ed]
V  [jvm.dll+0x22b1ee]
V  [jvm.dll+0x229375]
V  [jvm.dll+0x7f5647]
V  [jvm.dll+0x7efa4a]
V  [jvm.dll+0x686a35]
C  [ucrtbase.dll+0x29333]
C  [KERNEL32.DLL+0x1259d]
C  [ntdll.dll+0x5af38]


---------------  P R O C E S S  ---------------

Threads class SMR info:
_java_thread_list=0x0000020dfea40350, length=14, elements={
0x0000020de27891d0, 0x0000020dfc48dd10, 0x0000020dfc48eb90, 0x0000020dfc619a20,
0x0000020dfc61b5f0, 0x0000020dfc61dfc0, 0x0000020dfc61e980, 0x0000020dfc61fc80,
0x0000020dfc634020, 0x0000020dfc6370e0, 0x0000020dfc791d80, 0x0000020dfc792810,
0x0000020dfe01efa0, 0x0000020d849be4d0
}

Java Threads: ( => current thread )
  0x0000020de27891d0 JavaThread "main" [_thread_in_Java, id=16932, stack(0x000000e4d1700000,0x000000e4d1800000)]
  0x0000020dfc48dd10 JavaThread "Reference Handler" daemon [_thread_blocked, id=6868, stack(0x000000e4d1e00000,0x000000e4d1f00000)]
  0x0000020dfc48eb90 JavaThread "Finalizer" daemon [_thread_blocked, id=15740, stack(0x000000e4d1f00000,0x000000e4d2000000)]
  0x0000020dfc619a20 JavaThread "Signal Dispatcher" daemon [_thread_blocked, id=13744, stack(0x000000e4d2000000,0x000000e4d2100000)]
  0x0000020dfc61b5f0 JavaThread "Attach Listener" daemon [_thread_blocked, id=14680, stack(0x000000e4d2100000,0x000000e4d2200000)]
  0x0000020dfc61dfc0 JavaThread "Service Thread" daemon [_thread_blocked, id=11904, stack(0x000000e4d2200000,0x000000e4d2300000)]
  0x0000020dfc61e980 JavaThread "Monitor Deflation Thread" daemon [_thread_blocked, id=11624, stack(0x000000e4d2300000,0x000000e4d2400000)]
  0x0000020dfc61fc80 JavaThread "C2 CompilerThread0" daemon [_thread_in_native, id=4124, stack(0x000000e4d2400000,0x000000e4d2500000)]
  0x0000020dfc634020 JavaThread "C1 CompilerThread0" daemon [_thread_in_native, id=16880, stack(0x000000e4d2500000,0x000000e4d2600000)]
  0x0000020dfc6370e0 JavaThread "Sweeper thread" daemon [_thread_blocked, id=2696, stack(0x000000e4d2600000,0x000000e4d2700000)]
  0x0000020dfc791d80 JavaThread "Notification Thread" daemon [_thread_blocked, id=15644, stack(0x000000e4d2700000,0x000000e4d2800000)]
  0x0000020dfc792810 JavaThread "Common-Cleaner" daemon [_thread_blocked, id=3112, stack(0x000000e4d2900000,0x000000e4d2a00000)]
=>0x0000020dfe01efa0 JavaThread "C2 CompilerThread1" daemon [_thread_in_native, id=9756, stack(0x000000e4d3200000,0x000000e4d3300000)]
  0x0000020d849be4d0 JavaThread "C2 CompilerThread2" daemon [_thread_in_native, id=3668, stack(0x000000e4d3300000,0x000000e4d3400000)]

Other Threads:
  0x0000020dfc489630 VMThread "VM Thread" [stack: 0x000000e4d1d00000,0x000000e4d1e00000] [id=14832]
  0x0000020dfc418780 WatcherThread [stack: 0x000000e4d2800000,0x000000e4d2900000] [id=15676]
  0x0000020de27e50f0 GCTaskThread "GC Thread#0" [stack: 0x000000e4d1800000,0x000000e4d1900000] [id=17080]
  0x0000020dfce2d2b0 GCTaskThread "GC Thread#1" [stack: 0x000000e4d2a00000,0x000000e4d2b00000] [id=15468]
  0x0000020dfce2d570 GCTaskThread "GC Thread#2" [stack: 0x000000e4d2b00000,0x000000e4d2c00000] [id=13432]
  0x0000020dfce73010 GCTaskThread "GC Thread#3" [stack: 0x000000e4d2c00000,0x000000e4d2d00000] [id=7052]
  0x0000020dfce8a210 GCTaskThread "GC Thread#4" [stack: 0x000000e4d2d00000,0x000000e4d2e00000] [id=14956]
  0x0000020dfd237640 GCTaskThread "GC Thread#5" [stack: 0x000000e4d2e00000,0x000000e4d2f00000] [id=2512]
  0x0000020dfd31f480 GCTaskThread "GC Thread#6" [stack: 0x000000e4d2f00000,0x000000e4d3000000] [id=16116]
  0x0000020dfd3d0ac0 GCTaskThread "GC Thread#7" [stack: 0x000000e4d3000000,0x000000e4d3100000] [id=7556]
  0x0000020de27f5b40 ConcurrentGCThread "G1 Main Marker" [stack: 0x000000e4d1900000,0x000000e4d1a00000] [id=2212]
  0x0000020de27f6d00 ConcurrentGCThread "G1 Conc#0" [stack: 0x000000e4d1a00000,0x000000e4d1b00000] [id=3992]
  0x0000020dfce726b0 ConcurrentGCThread "G1 Conc#1" [stack: 0x000000e4d3100000,0x000000e4d3200000] [id=6944]
  0x0000020de283e090 ConcurrentGCThread "G1 Refine#0" [stack: 0x000000e4d1b00000,0x000000e4d1c00000] [id=17376]
  0x0000020dfeffdde0 ConcurrentGCThread "G1 Refine#1" [stack: 0x000000e4d3400000,0x000000e4d3500000] [id=1572]
  0x0000020dfeffd220 ConcurrentGCThread "G1 Refine#2" [stack: 0x000000e4d3500000,0x000000e4d3600000] [id=14424]
  0x0000020dfeffe0d0 ConcurrentGCThread "G1 Refine#3" [stack: 0x000000e4d3600000,0x000000e4d3700000] [id=12776]
  0x0000020de283eac0 ConcurrentGCThread "G1 Service" [stack: 0x000000e4d1c00000,0x000000e4d1d00000] [id=9388]

Threads with active compile tasks:
C2 CompilerThread0    43701 15772       4       org.jetbrains.kotlin.ir.types.IrTypePredicatesKt::isClassType (99 bytes)
C1 CompilerThread0    43701 15792       3       androidx.compose.compiler.plugins.kotlin.lower.ComposableFunctionBodyTransformer::buildChangedParamsForCall (135 bytes)
C2 CompilerThread1    43701 15347       4       jdk.internal.org.objectweb.asm.Frame::execute (2305 bytes)
C2 CompilerThread2    43701 15536       4       androidx.compose.compiler.plugins.kotlin.lower.ComposableTargetAnnotationsTransformer::isOrHasComposableLambda$compiler_hosted (167 bytes)

VM state: not at safepoint (normal execution)

VM Mutex/Monitor currently owned by a thread:  ([mutex/lock_event])
[0x0000020de2784ec0] Compile_lock - owner thread: 0x0000000000000000

Heap address: 0x0000000082800000, size: 2008 MB, Compressed Oops mode: 32-bit

CDS archive(s) not mapped
Compressed class space mapped at: 0x0000000100000000-0x0000000140000000, reserved size: 1073741824
Narrow klass base: 0x0000000000000000, Narrow klass shift: 3, Narrow klass range: 0x140000000

GC Precious Log:
 CPUs: 8 total, 8 available
 Memory: 8030M
 Large Page Support: Disabled
 NUMA Support: Disabled
 Compressed Oops: Enabled (32-bit)
 Heap Region Size: 1M
 Heap Min Capacity: 8M
 Heap Initial Capacity: 126M
 Heap Max Capacity: 2008M
 Pre-touch: Disabled
 Parallel Workers: 8
 Concurrent Workers: 2
 Concurrent Refinement Workers: 8
 Periodic GC: Disabled

Heap:
 garbage-first heap   total 329728K, used 125721K [0x0000000082800000, 0x0000000100000000)
  region size 1024K, 20 young (20480K), 5 survivors (5120K)
 Metaspace       used 74207K, committed 74560K, reserved 1179648K
  class space    used 8120K, committed 8320K, reserved 1048576K

Heap Regions: E=young(eden), S=young(survivor), O=old, HS=humongous(starts), HC=humongous(continues), CS=collection set, F=free, OA=open archive, CA=closed archive, TAMS=top-at-mark-start (previous, next)
|   0|0x0000000082800000, 0x0000000082900000, 0x0000000082900000|100%|HS|  |TAMS 0x0000000082900000, 0x0000000082800000| Complete 
|   1|0x0000000082900000, 0x0000000082a00000, 0x0000000082a00000|100%|HC|  |TAMS 0x0000000082a00000, 0x0000000082900000| Complete 
|   2|0x0000000082a00000, 0x0000000082b00000, 0x0000000082b00000|100%|HC|  |TAMS 0x0000000082b00000, 0x0000000082a00000| Complete 
|   3|0x0000000082b00000, 0x0000000082c00000, 0x0000000082c00000|100%|HC|  |TAMS 0x0000000082c00000, 0x0000000082b00000| Complete 
|   4|0x0000000082c00000, 0x0000000082d00000, 0x0000000082d00000|100%| O|  |TAMS 0x0000000082d00000, 0x0000000082c00000| Untracked 
|   5|0x0000000082d00000, 0x0000000082e00000, 0x0000000082e00000|100%| O|  |TAMS 0x0000000082e00000, 0x0000000082d00000| Untracked 
|   6|0x0000000082e00000, 0x0000000082f00000, 0x0000000082f00000|100%| O|  |TAMS 0x0000000082f00000, 0x0000000082e00000| Untracked 
|   7|0x0000000082f00000, 0x0000000083000000, 0x0000000083000000|100%| O|  |TAMS 0x0000000083000000, 0x0000000082f00000| Untracked 
|   8|0x0000000083000000, 0x0000000083100000, 0x0000000083100000|100%| O|  |TAMS 0x0000000083100000, 0x0000000083000000| Untracked 
|   9|0x0000000083100000, 0x0000000083200000, 0x0000000083200000|100%| O|  |TAMS 0x0000000083200000, 0x0000000083100000| Untracked 
|  10|0x0000000083200000, 0x0000000083300000, 0x0000000083300000|100%| O|  |TAMS 0x0000000083300000, 0x0000000083200000| Untracked 
|  11|0x0000000083300000, 0x0000000083400000, 0x0000000083400000|100%| O|  |TAMS 0x0000000083400000, 0x0000000083300000| Untracked 
|  12|0x0000000083400000, 0x0000000083500000, 0x0000000083500000|100%| O|  |TAMS 0x0000000083500000, 0x0000000083400000| Untracked 
|  13|0x0000000083500000, 0x0000000083600000, 0x0000000083600000|100%| O|  |TAMS 0x0000000083600000, 0x0000000083500000| Untracked 
|  14|0x0000000083600000, 0x0000000083700000, 0x0000000083700000|100%| O|  |TAMS 0x0000000083700000, 0x0000000083600000| Untracked 
|  15|0x0000000083700000, 0x0000000083800000, 0x0000000083800000|100%| O|  |TAMS 0x0000000083800000, 0x0000000083700000| Untracked 
|  16|0x0000000083800000, 0x0000000083900000, 0x0000000083900000|100%| O|  |TAMS 0x0000000083900000, 0x0000000083800000| Untracked 
|  17|0x0000000083900000, 0x0000000083a00000, 0x0000000083a00000|100%| O|  |TAMS 0x0000000083a00000, 0x0000000083900000| Untracked 
|  18|0x0000000083a00000, 0x0000000083b00000, 0x0000000083b00000|100%| O|  |TAMS 0x0000000083b00000, 0x0000000083a00000| Untracked 
|  19|0x0000000083b00000, 0x0000000083c00000, 0x0000000083c00000|100%| O|  |TAMS 0x0000000083c00000, 0x0000000083b00000| Untracked 
|  20|0x0000000083c00000, 0x0000000083d00000, 0x0000000083d00000|100%| O|  |TAMS 0x0000000083d00000, 0x0000000083c00000| Untracked 
|  21|0x0000000083d00000, 0x0000000083e00000, 0x0000000083e00000|100%| O|  |TAMS 0x0000000083e00000, 0x0000000083d00000| Untracked 
|  22|0x0000000083e00000, 0x0000000083f00000, 0x0000000083f00000|100%| O|  |TAMS 0x0000000083f00000, 0x0000000083e00000| Untracked 
|  23|0x0000000083f00000, 0x0000000084000000, 0x0000000084000000|100%| O|  |TAMS 0x0000000084000000, 0x0000000083f00000| Untracked 
|  24|0x0000000084000000, 0x0000000084100000, 0x0000000084100000|100%| O|  |TAMS 0x0000000084100000, 0x0000000084000000| Untracked 
|  25|0x0000000084100000, 0x0000000084200000, 0x0000000084200000|100%| O|  |TAMS 0x0000000084200000, 0x0000000084100000| Untracked 
|  26|0x0000000084200000, 0x0000000084300000, 0x0000000084300000|100%| O|  |TAMS 0x0000000084300000, 0x0000000084200000| Untracked 
|  27|0x0000000084300000, 0x0000000084400000, 0x0000000084400000|100%| O|  |TAMS 0x0000000084400000, 0x0000000084300000| Untracked 
|  28|0x0000000084400000, 0x0000000084500000, 0x0000000084500000|100%|HS|  |TAMS 0x0000000084500000, 0x0000000084400000| Complete 
|  29|0x0000000084500000, 0x0000000084600000, 0x0000000084600000|100%|HC|  |TAMS 0x0000000084600000, 0x0000000084500000| Complete 
|  30|0x0000000084600000, 0x0000000084700000, 0x0000000084700000|100%| O|  |TAMS 0x0000000084700000, 0x0000000084600000| Untracked 
|  31|0x0000000084700000, 0x0000000084800000, 0x0000000084800000|100%| O|  |TAMS 0x0000000084800000, 0x0000000084700000| Untracked 
|  32|0x0000000084800000, 0x0000000084900000, 0x0000000084900000|100%| O|  |TAMS 0x0000000084900000, 0x0000000084800000| Untracked 
|  33|0x0000000084900000, 0x0000000084a00000, 0x0000000084a00000|100%| O|  |TAMS 0x0000000084a00000, 0x0000000084900000| Untracked 
|  34|0x0000000084a00000, 0x0000000084b00000, 0x0000000084b00000|100%| O|  |TAMS 0x0000000084b00000, 0x0000000084a00000| Untracked 
|  35|0x0000000084b00000, 0x0000000084c00000, 0x0000000084c00000|100%| O|  |TAMS 0x0000000084c00000, 0x0000000084b00000| Untracked 
|  36|0x0000000084c00000, 0x0000000084d00000, 0x0000000084d00000|100%| O|  |TAMS 0x0000000084d00000, 0x0000000084c00000| Untracked 
|  37|0x0000000084d00000, 0x0000000084e00000, 0x0000000084e00000|100%| O|  |TAMS 0x0000000084e00000, 0x0000000084d00000| Untracked 
|  38|0x0000000084e00000, 0x0000000084f00000, 0x0000000084f00000|100%| O|  |TAMS 0x0000000084f00000, 0x0000000084e00000| Untracked 
|  39|0x0000000084f00000, 0x0000000085000000, 0x0000000085000000|100%| O|  |TAMS 0x0000000085000000, 0x0000000084f00000| Untracked 
|  40|0x0000000085000000, 0x0000000085100000, 0x0000000085100000|100%| O|  |TAMS 0x0000000085100000, 0x0000000085000000| Untracked 
|  41|0x0000000085100000, 0x0000000085200000, 0x0000000085200000|100%| O|  |TAMS 0x0000000085200000, 0x0000000085100000| Untracked 
|  42|0x0000000085200000, 0x0000000085300000, 0x0000000085300000|100%| O|  |TAMS 0x0000000085300000, 0x0000000085200000| Untracked 
|  43|0x0000000085300000, 0x0000000085400000, 0x0000000085400000|100%| O|  |TAMS 0x0000000085400000, 0x0000000085300000| Untracked 
|  44|0x0000000085400000, 0x0000000085500000, 0x0000000085500000|100%| O|  |TAMS 0x0000000085500000, 0x0000000085400000| Untracked 
|  45|0x0000000085500000, 0x0000000085600000, 0x0000000085600000|100%| O|  |TAMS 0x0000000085600000, 0x0000000085500000| Untracked 
|  46|0x0000000085600000, 0x0000000085700000, 0x0000000085700000|100%| O|  |TAMS 0x0000000085700000, 0x0000000085600000| Untracked 
|  47|0x0000000085700000, 0x0000000085800000, 0x0000000085800000|100%| O|  |TAMS 0x0000000085800000, 0x0000000085700000| Untracked 
|  48|0x0000000085800000, 0x0000000085900000, 0x0000000085900000|100%| O|  |TAMS 0x0000000085900000, 0x0000000085800000| Untracked 
|  49|0x0000000085900000, 0x0000000085a00000, 0x0000000085a00000|100%| O|  |TAMS 0x0000000085a00000, 0x0000000085900000| Untracked 
|  50|0x0000000085a00000, 0x0000000085b00000, 0x0000000085b00000|100%| O|  |TAMS 0x0000000085b00000, 0x0000000085a00000| Untracked 
|  51|0x0000000085b00000, 0x0000000085c00000, 0x0000000085c00000|100%| O|  |TAMS 0x0000000085c00000, 0x0000000085b00000| Untracked 
|  52|0x0000000085c00000, 0x0000000085d00000, 0x0000000085d00000|100%| O|  |TAMS 0x0000000085d00000, 0x0000000085c00000| Untracked 
|  53|0x0000000085d00000, 0x0000000085e00000, 0x0000000085e00000|100%| O|  |TAMS 0x0000000085e00000, 0x0000000085d00000| Untracked 
|  54|0x0000000085e00000, 0x0000000085f00000, 0x0000000085f00000|100%| O|  |TAMS 0x0000000085f00000, 0x0000000085e00000| Untracked 
|  55|0x0000000085f00000, 0x0000000086000000, 0x0000000086000000|100%| O|  |TAMS 0x0000000086000000, 0x0000000085f00000| Untracked 
|  56|0x0000000086000000, 0x0000000086100000, 0x0000000086100000|100%| O|  |TAMS 0x0000000086100000, 0x0000000086000000| Untracked 
|  57|0x0000000086100000, 0x0000000086200000, 0x0000000086200000|100%| O|  |TAMS 0x0000000086200000, 0x0000000086100000| Untracked 
|  58|0x0000000086200000, 0x0000000086300000, 0x0000000086300000|100%| O|  |TAMS 0x0000000086300000, 0x0000000086200000| Complete 
|  59|0x0000000086300000, 0x0000000086400000, 0x0000000086400000|100%|HS|  |TAMS 0x0000000086400000, 0x0000000086300000| Complete 
|  60|0x0000000086400000, 0x0000000086500000, 0x0000000086500000|100%|HC|  |TAMS 0x0000000086500000, 0x0000000086400000| Complete 
|  61|0x0000000086500000, 0x0000000086600000, 0x0000000086600000|100%| O|  |TAMS 0x0000000086600000, 0x0000000086500000| Untracked 
|  62|0x0000000086600000, 0x0000000086700000, 0x0000000086700000|100%| O|  |TAMS 0x0000000086700000, 0x0000000086600000| Untracked 
|  63|0x0000000086700000, 0x0000000086800000, 0x0000000086800000|100%| O|  |TAMS 0x0000000086800000, 0x0000000086700000| Untracked 
|  64|0x0000000086800000, 0x0000000086900000, 0x0000000086900000|100%| O|  |TAMS 0x0000000086900000, 0x0000000086800000| Untracked 
|  65|0x0000000086900000, 0x0000000086a00000, 0x0000000086a00000|100%| O|  |TAMS 0x0000000086a00000, 0x0000000086900000| Untracked 
|  66|0x0000000086a00000, 0x0000000086b00000, 0x0000000086b00000|100%| O|  |TAMS 0x0000000086b00000, 0x0000000086a00000| Untracked 
|  67|0x0000000086b00000, 0x0000000086c00000, 0x0000000086c00000|100%| O|  |TAMS 0x0000000086c00000, 0x0000000086b00000| Untracked 
|  68|0x0000000086c00000, 0x0000000086d00000, 0x0000000086d00000|100%| O|  |TAMS 0x0000000086d00000, 0x0000000086c00000| Untracked 
|  69|0x0000000086d00000, 0x0000000086e00000, 0x0000000086e00000|100%| O|  |TAMS 0x0000000086e00000, 0x0000000086d00000| Complete 
|  70|0x0000000086e00000, 0x0000000086f00000, 0x0000000086f00000|100%| O|  |TAMS 0x0000000086f00000, 0x0000000086e00000| Untracked 
|  71|0x0000000086f00000, 0x0000000087000000, 0x0000000087000000|100%| O|  |TAMS 0x0000000087000000, 0x0000000086f00000| Untracked 
|  72|0x0000000087000000, 0x0000000087100000, 0x0000000087100000|100%| O|  |TAMS 0x0000000087100000, 0x0000000087000000| Untracked 
|  73|0x0000000087100000, 0x0000000087200000, 0x0000000087200000|100%| O|  |TAMS 0x0000000087200000, 0x0000000087100000| Untracked 
|  74|0x0000000087200000, 0x0000000087300000, 0x0000000087300000|100%|HS|  |TAMS 0x0000000087300000, 0x0000000087200000| Complete 
|  75|0x0000000087300000, 0x0000000087400000, 0x0000000087400000|100%|HC|  |TAMS 0x0000000087400000, 0x0000000087300000| Complete 
|  76|0x0000000087400000, 0x0000000087500000, 0x0000000087500000|100%| O|  |TAMS 0x0000000087500000, 0x0000000087400000| Untracked 
|  77|0x0000000087500000, 0x0000000087600000, 0x0000000087600000|100%| O|  |TAMS 0x0000000087600000, 0x0000000087500000| Untracked 
|  78|0x0000000087600000, 0x0000000087700000, 0x0000000087700000|100%| O|  |TAMS 0x0000000087700000, 0x0000000087600000| Untracked 
|  79|0x0000000087700000, 0x0000000087800000, 0x0000000087800000|100%| O|  |TAMS 0x0000000087800000, 0x0000000087700000| Untracked 
|  80|0x0000000087800000, 0x0000000087900000, 0x0000000087900000|100%| O|  |TAMS 0x0000000087900000, 0x0000000087800000| Untracked 
|  81|0x0000000087900000, 0x0000000087a00000, 0x0000000087a00000|100%| O|  |TAMS 0x0000000087a00000, 0x0000000087900000| Untracked 
|  82|0x0000000087a00000, 0x0000000087b00000, 0x0000000087b00000|100%| O|  |TAMS 0x0000000087b00000, 0x0000000087a00000| Untracked 
|  83|0x0000000087b00000, 0x0000000087c00000, 0x0000000087c00000|100%| O|  |TAMS 0x0000000087c00000, 0x0000000087b00000| Untracked 
|  84|0x0000000087c00000, 0x0000000087d00000, 0x0000000087d00000|100%| O|  |TAMS 0x0000000087d00000, 0x0000000087c00000| Untracked 
|  85|0x0000000087d00000, 0x0000000087e00000, 0x0000000087e00000|100%| O|  |TAMS 0x0000000087e00000, 0x0000000087d00000| Untracked 
|  86|0x0000000087e00000, 0x0000000087f00000, 0x0000000087f00000|100%| O|  |TAMS 0x0000000087f00000, 0x0000000087e00000| Untracked 
|  87|0x0000000087f00000, 0x0000000088000000, 0x0000000088000000|100%| O|  |TAMS 0x0000000088000000, 0x0000000087f00000| Untracked 
|  88|0x0000000088000000, 0x0000000088100000, 0x0000000088100000|100%| O|  |TAMS 0x0000000088100000, 0x0000000088000000| Untracked 
|  89|0x0000000088100000, 0x0000000088200000, 0x0000000088200000|100%| O|  |TAMS 0x0000000088200000, 0x0000000088100000| Untracked 
|  90|0x0000000088200000, 0x0000000088300000, 0x0000000088300000|100%| O|  |TAMS 0x0000000088300000, 0x0000000088200000| Untracked 
|  91|0x0000000088300000, 0x0000000088400000, 0x0000000088400000|100%| O|  |TAMS 0x0000000088400000, 0x0000000088300000| Untracked 
|  92|0x0000000088400000, 0x0000000088500000, 0x0000000088500000|100%| O|  |TAMS 0x0000000088500000, 0x0000000088400000| Untracked 
|  93|0x0000000088500000, 0x0000000088600000, 0x0000000088600000|100%| O|  |TAMS 0x0000000088600000, 0x0000000088500000| Untracked 
|  94|0x0000000088600000, 0x0000000088700000, 0x0000000088700000|100%| O|  |TAMS 0x000000008864f200, 0x0000000088600000| Untracked 
|  95|0x0000000088700000, 0x0000000088800000, 0x0000000088800000|100%| O|  |TAMS 0x0000000088700000, 0x0000000088700000| Untracked 
|  96|0x0000000088800000, 0x0000000088900000, 0x0000000088900000|100%| O|  |TAMS 0x0000000088800000, 0x0000000088800000| Untracked 
|  97|0x0000000088900000, 0x0000000088a00000, 0x0000000088a00000|100%| O|  |TAMS 0x0000000088900000, 0x0000000088900000| Untracked 
|  98|0x0000000088a00000, 0x0000000088b00000, 0x0000000088b00000|100%| O|  |TAMS 0x0000000088a00000, 0x0000000088a00000| Untracked 
|  99|0x0000000088b00000, 0x0000000088c00000, 0x0000000088c00000|100%| O|  |TAMS 0x0000000088b00000, 0x0000000088b00000| Untracked 
| 100|0x0000000088c00000, 0x0000000088d00000, 0x0000000088d00000|100%| O|  |TAMS 0x0000000088c00000, 0x0000000088c00000| Untracked 
| 101|0x0000000088d00000, 0x0000000088e00000, 0x0000000088e00000|100%| O|  |TAMS 0x0000000088d00000, 0x0000000088d00000| Untracked 
| 102|0x0000000088e00000, 0x0000000088f00000, 0x0000000088f00000|100%| O|  |TAMS 0x0000000088e00000, 0x0000000088e00000| Untracked 
| 103|0x0000000088f00000, 0x0000000088fc6600, 0x0000000089000000| 77%| O|  |TAMS 0x0000000088f00000, 0x0000000088f00000| Untracked 
| 104|0x0000000089000000, 0x0000000089000000, 0x0000000089100000|  0%| F|  |TAMS 0x0000000089000000, 0x0000000089000000| Untracked 
| 105|0x0000000089100000, 0x0000000089100000, 0x0000000089200000|  0%| F|  |TAMS 0x0000000089100000, 0x0000000089100000| Untracked 
| 106|0x0000000089200000, 0x0000000089200000, 0x0000000089300000|  0%| F|  |TAMS 0x0000000089200000, 0x0000000089200000| Untracked 
| 107|0x0000000089300000, 0x0000000089300000, 0x0000000089400000|  0%| F|  |TAMS 0x0000000089300000, 0x0000000089300000| Untracked 
| 108|0x0000000089400000, 0x0000000089400000, 0x0000000089500000|  0%| F|  |TAMS 0x0000000089400000, 0x0000000089400000| Untracked 
| 109|0x0000000089500000, 0x0000000089500000, 0x0000000089600000|  0%| F|  |TAMS 0x0000000089500000, 0x0000000089500000| Untracked 
| 110|0x0000000089600000, 0x0000000089600000, 0x0000000089700000|  0%| F|  |TAMS 0x0000000089600000, 0x0000000089600000| Untracked 
| 111|0x0000000089700000, 0x0000000089700000, 0x0000000089800000|  0%| F|  |TAMS 0x0000000089700000, 0x0000000089700000| Untracked 
| 112|0x0000000089800000, 0x0000000089800000, 0x0000000089900000|  0%| F|  |TAMS 0x0000000089800000, 0x0000000089800000| Untracked 
| 113|0x0000000089900000, 0x0000000089900000, 0x0000000089a00000|  0%| F|  |TAMS 0x0000000089900000, 0x0000000089900000| Untracked 
| 114|0x0000000089a00000, 0x0000000089a00000, 0x0000000089b00000|  0%| F|  |TAMS 0x0000000089a00000, 0x0000000089a00000| Untracked 
| 115|0x0000000089b00000, 0x0000000089b00000, 0x0000000089c00000|  0%| F|  |TAMS 0x0000000089b00000, 0x0000000089b00000| Untracked 
| 116|0x0000000089c00000, 0x0000000089c00000, 0x0000000089d00000|  0%| F|  |TAMS 0x0000000089c00000, 0x0000000089c00000| Untracked 
| 117|0x0000000089d00000, 0x0000000089d00000, 0x0000000089e00000|  0%| F|  |TAMS 0x0000000089d00000, 0x0000000089d00000| Untracked 
| 118|0x0000000089e00000, 0x0000000089e00000, 0x0000000089f00000|  0%| F|  |TAMS 0x0000000089e00000, 0x0000000089e00000| Untracked 
| 119|0x0000000089f00000, 0x0000000089f00000, 0x000000008a000000|  0%| F|  |TAMS 0x0000000089f00000, 0x0000000089f00000| Untracked 
| 120|0x000000008a000000, 0x000000008a000000, 0x000000008a100000|  0%| F|  |TAMS 0x000000008a000000, 0x000000008a000000| Untracked 
| 121|0x000000008a100000, 0x000000008a100000, 0x000000008a200000|  0%| F|  |TAMS 0x000000008a100000, 0x000000008a100000| Untracked 
| 122|0x000000008a200000, 0x000000008a200000, 0x000000008a300000|  0%| F|  |TAMS 0x000000008a200000, 0x000000008a200000| Untracked 
| 123|0x000000008a300000, 0x000000008a400000, 0x000000008a400000|100%| S|CS|TAMS 0x000000008a300000, 0x000000008a300000| Complete 
| 124|0x000000008a400000, 0x000000008a500000, 0x000000008a500000|100%| S|CS|TAMS 0x000000008a400000, 0x000000008a400000| Complete 
| 125|0x000000008a500000, 0x000000008a600000, 0x000000008a600000|100%| S|CS|TAMS 0x000000008a500000, 0x000000008a500000| Complete 
| 126|0x000000008a600000, 0x000000008a700000, 0x000000008a700000|100%| S|CS|TAMS 0x000000008a600000, 0x000000008a600000| Complete 
| 127|0x000000008a700000, 0x000000008a800000, 0x000000008a800000|100%| S|CS|TAMS 0x000000008a700000, 0x000000008a700000| Complete 
| 128|0x000000008a800000, 0x000000008a800000, 0x000000008a900000|  0%| F|  |TAMS 0x000000008a800000, 0x000000008a800000| Untracked 
| 129|0x000000008a900000, 0x000000008a900000, 0x000000008aa00000|  0%| F|  |TAMS 0x000000008a900000, 0x000000008a900000| Untracked 
| 130|0x000000008aa00000, 0x000000008aa00000, 0x000000008ab00000|  0%| F|  |TAMS 0x000000008aa00000, 0x000000008aa00000| Untracked 
| 131|0x000000008ab00000, 0x000000008ab00000, 0x000000008ac00000|  0%| F|  |TAMS 0x000000008ab00000, 0x000000008ab00000| Untracked 
| 132|0x000000008ac00000, 0x000000008ac00000, 0x000000008ad00000|  0%| F|  |TAMS 0x000000008ac00000, 0x000000008ac00000| Untracked 
| 133|0x000000008ad00000, 0x000000008ad00000, 0x000000008ae00000|  0%| F|  |TAMS 0x000000008ad00000, 0x000000008ad00000| Untracked 
| 134|0x000000008ae00000, 0x000000008ae00000, 0x000000008af00000|  0%| F|  |TAMS 0x000000008ae00000, 0x000000008ae00000| Untracked 
| 135|0x000000008af00000, 0x000000008af00000, 0x000000008b000000|  0%| F|  |TAMS 0x000000008af00000, 0x000000008af00000| Untracked 
| 136|0x000000008b000000, 0x000000008b000000, 0x000000008b100000|  0%| F|  |TAMS 0x000000008b000000, 0x000000008b000000| Untracked 
| 137|0x000000008b100000, 0x000000008b100000, 0x000000008b200000|  0%| F|  |TAMS 0x000000008b100000, 0x000000008b100000| Untracked 
| 138|0x000000008b200000, 0x000000008b200000, 0x000000008b300000|  0%| F|  |TAMS 0x000000008b200000, 0x000000008b200000| Untracked 
| 139|0x000000008b300000, 0x000000008b300000, 0x000000008b400000|  0%| F|  |TAMS 0x000000008b300000, 0x000000008b300000| Untracked 
| 140|0x000000008b400000, 0x000000008b400000, 0x000000008b500000|  0%| F|  |TAMS 0x000000008b400000, 0x000000008b400000| Untracked 
| 141|0x000000008b500000, 0x000000008b500000, 0x000000008b600000|  0%| F|  |TAMS 0x000000008b500000, 0x000000008b500000| Untracked 
| 142|0x000000008b600000, 0x000000008b600000, 0x000000008b700000|  0%| F|  |TAMS 0x000000008b600000, 0x000000008b600000| Untracked 
| 143|0x000000008b700000, 0x000000008b700000, 0x000000008b800000|  0%| F|  |TAMS 0x000000008b700000, 0x000000008b700000| Untracked 
| 144|0x000000008b800000, 0x000000008b800000, 0x000000008b900000|  0%| F|  |TAMS 0x000000008b800000, 0x000000008b800000| Untracked 
| 145|0x000000008b900000, 0x000000008b900000, 0x000000008ba00000|  0%| F|  |TAMS 0x000000008b900000, 0x000000008b900000| Untracked 
| 146|0x000000008ba00000, 0x000000008ba00000, 0x000000008bb00000|  0%| F|  |TAMS 0x000000008ba00000, 0x000000008ba00000| Untracked 
| 147|0x000000008bb00000, 0x000000008bb00000, 0x000000008bc00000|  0%| F|  |TAMS 0x000000008bb00000, 0x000000008bb00000| Untracked 
| 148|0x000000008bc00000, 0x000000008bc00000, 0x000000008bd00000|  0%| F|  |TAMS 0x000000008bc00000, 0x000000008bc00000| Untracked 
| 149|0x000000008bd00000, 0x000000008bd00000, 0x000000008be00000|  0%| F|  |TAMS 0x000000008bd00000, 0x000000008bd00000| Untracked 
| 150|0x000000008be00000, 0x000000008be00000, 0x000000008bf00000|  0%| F|  |TAMS 0x000000008be00000, 0x000000008be00000| Untracked 
| 151|0x000000008bf00000, 0x000000008bf00000, 0x000000008c000000|  0%| F|  |TAMS 0x000000008bf00000, 0x000000008bf00000| Untracked 
| 152|0x000000008c000000, 0x000000008c000000, 0x000000008c100000|  0%| F|  |TAMS 0x000000008c000000, 0x000000008c000000| Untracked 
| 153|0x000000008c100000, 0x000000008c100000, 0x000000008c200000|  0%| F|  |TAMS 0x000000008c100000, 0x000000008c100000| Untracked 
| 154|0x000000008c200000, 0x000000008c200000, 0x000000008c300000|  0%| F|  |TAMS 0x000000008c200000, 0x000000008c200000| Untracked 
| 155|0x000000008c300000, 0x000000008c300000, 0x000000008c400000|  0%| F|  |TAMS 0x000000008c300000, 0x000000008c300000| Untracked 
| 156|0x000000008c400000, 0x000000008c400000, 0x000000008c500000|  0%| F|  |TAMS 0x000000008c400000, 0x000000008c400000| Untracked 
| 157|0x000000008c500000, 0x000000008c500000, 0x000000008c600000|  0%| F|  |TAMS 0x000000008c500000, 0x000000008c500000| Untracked 
| 158|0x000000008c600000, 0x000000008c600000, 0x000000008c700000|  0%| F|  |TAMS 0x000000008c600000, 0x000000008c600000| Untracked 
| 159|0x000000008c700000, 0x000000008c700000, 0x000000008c800000|  0%| F|  |TAMS 0x000000008c700000, 0x000000008c700000| Untracked 
| 160|0x000000008c800000, 0x000000008c800000, 0x000000008c900000|  0%| F|  |TAMS 0x000000008c800000, 0x000000008c800000| Untracked 
| 161|0x000000008c900000, 0x000000008c900000, 0x000000008ca00000|  0%| F|  |TAMS 0x000000008c900000, 0x000000008c900000| Untracked 
| 162|0x000000008ca00000, 0x000000008ca00000, 0x000000008cb00000|  0%| F|  |TAMS 0x000000008ca00000, 0x000000008ca00000| Untracked 
| 163|0x000000008cb00000, 0x000000008cb00000, 0x000000008cc00000|  0%| F|  |TAMS 0x000000008cb00000, 0x000000008cb00000| Untracked 
| 164|0x000000008cc00000, 0x000000008cc00000, 0x000000008cd00000|  0%| F|  |TAMS 0x000000008cc00000, 0x000000008cc00000| Untracked 
| 165|0x000000008cd00000, 0x000000008cd00000, 0x000000008ce00000|  0%| F|  |TAMS 0x000000008cd00000, 0x000000008cd00000| Untracked 
| 166|0x000000008ce00000, 0x000000008ce00000, 0x000000008cf00000|  0%| F|  |TAMS 0x000000008ce00000, 0x000000008ce00000| Untracked 
| 167|0x000000008cf00000, 0x000000008cf00000, 0x000000008d000000|  0%| F|  |TAMS 0x000000008cf00000, 0x000000008cf00000| Untracked 
| 168|0x000000008d000000, 0x000000008d000000, 0x000000008d100000|  0%| F|  |TAMS 0x000000008d000000, 0x000000008d000000| Untracked 
| 169|0x000000008d100000, 0x000000008d100000, 0x000000008d200000|  0%| F|  |TAMS 0x000000008d100000, 0x000000008d100000| Untracked 
| 170|0x000000008d200000, 0x000000008d200000, 0x000000008d300000|  0%| F|  |TAMS 0x000000008d200000, 0x000000008d200000| Untracked 
| 171|0x000000008d300000, 0x000000008d300000, 0x000000008d400000|  0%| F|  |TAMS 0x000000008d300000, 0x000000008d300000| Untracked 
| 172|0x000000008d400000, 0x000000008d400000, 0x000000008d500000|  0%| F|  |TAMS 0x000000008d400000, 0x000000008d400000| Untracked 
| 173|0x000000008d500000, 0x000000008d500000, 0x000000008d600000|  0%| F|  |TAMS 0x000000008d500000, 0x000000008d500000| Untracked 
| 174|0x000000008d600000, 0x000000008d600000, 0x000000008d700000|  0%| F|  |TAMS 0x000000008d600000, 0x000000008d600000| Untracked 
| 175|0x000000008d700000, 0x000000008d700000, 0x000000008d800000|  0%| F|  |TAMS 0x000000008d700000, 0x000000008d700000| Untracked 
| 176|0x000000008d800000, 0x000000008d800000, 0x000000008d900000|  0%| F|  |TAMS 0x000000008d800000, 0x000000008d800000| Untracked 
| 177|0x000000008d900000, 0x000000008d900000, 0x000000008da00000|  0%| F|  |TAMS 0x000000008d900000, 0x000000008d900000| Untracked 
| 178|0x000000008da00000, 0x000000008da00000, 0x000000008db00000|  0%| F|  |TAMS 0x000000008da00000, 0x000000008da00000| Untracked 
| 179|0x000000008db00000, 0x000000008db00000, 0x000000008dc00000|  0%| F|  |TAMS 0x000000008db00000, 0x000000008db00000| Untracked 
| 180|0x000000008dc00000, 0x000000008dc00000, 0x000000008dd00000|  0%| F|  |TAMS 0x000000008dc00000, 0x000000008dc00000| Untracked 
| 181|0x000000008dd00000, 0x000000008dd00000, 0x000000008de00000|  0%| F|  |TAMS 0x000000008dd00000, 0x000000008dd00000| Untracked 
| 182|0x000000008de00000, 0x000000008de00000, 0x000000008df00000|  0%| F|  |TAMS 0x000000008de00000, 0x000000008de00000| Untracked 
| 183|0x000000008df00000, 0x000000008df00000, 0x000000008e000000|  0%| F|  |TAMS 0x000000008df00000, 0x000000008df00000| Untracked 
| 184|0x000000008e000000, 0x000000008e000000, 0x000000008e100000|  0%| F|  |TAMS 0x000000008e000000, 0x000000008e000000| Untracked 
| 185|0x000000008e100000, 0x000000008e100000, 0x000000008e200000|  0%| F|  |TAMS 0x000000008e100000, 0x000000008e100000| Untracked 
| 186|0x000000008e200000, 0x000000008e200000, 0x000000008e300000|  0%| F|  |TAMS 0x000000008e200000, 0x000000008e200000| Untracked 
| 187|0x000000008e300000, 0x000000008e300000, 0x000000008e400000|  0%| F|  |TAMS 0x000000008e300000, 0x000000008e300000| Untracked 
| 188|0x000000008e400000, 0x000000008e400000, 0x000000008e500000|  0%| F|  |TAMS 0x000000008e400000, 0x000000008e400000| Untracked 
| 189|0x000000008e500000, 0x000000008e500000, 0x000000008e600000|  0%| F|  |TAMS 0x000000008e500000, 0x000000008e500000| Untracked 
| 190|0x000000008e600000, 0x000000008e600000, 0x000000008e700000|  0%| F|  |TAMS 0x000000008e600000, 0x000000008e600000| Untracked 
| 191|0x000000008e700000, 0x000000008e700000, 0x000000008e800000|  0%| F|  |TAMS 0x000000008e700000, 0x000000008e700000| Untracked 
| 192|0x000000008e800000, 0x000000008e800000, 0x000000008e900000|  0%| F|  |TAMS 0x000000008e800000, 0x000000008e800000| Untracked 
| 193|0x000000008e900000, 0x000000008e900000, 0x000000008ea00000|  0%| F|  |TAMS 0x000000008e900000, 0x000000008e900000| Untracked 
| 194|0x000000008ea00000, 0x000000008ea00000, 0x000000008eb00000|  0%| F|  |TAMS 0x000000008ea00000, 0x000000008ea00000| Untracked 
| 195|0x000000008eb00000, 0x000000008eb00000, 0x000000008ec00000|  0%| F|  |TAMS 0x000000008eb00000, 0x000000008eb00000| Untracked 
| 196|0x000000008ec00000, 0x000000008ec00000, 0x000000008ed00000|  0%| F|  |TAMS 0x000000008ec00000, 0x000000008ec00000| Untracked 
| 197|0x000000008ed00000, 0x000000008ed00000, 0x000000008ee00000|  0%| F|  |TAMS 0x000000008ed00000, 0x000000008ed00000| Untracked 
| 198|0x000000008ee00000, 0x000000008ee00000, 0x000000008ef00000|  0%| F|  |TAMS 0x000000008ee00000, 0x000000008ee00000| Untracked 
| 199|0x000000008ef00000, 0x000000008ef00000, 0x000000008f000000|  0%| F|  |TAMS 0x000000008ef00000, 0x000000008ef00000| Untracked 
| 200|0x000000008f000000, 0x000000008f000000, 0x000000008f100000|  0%| F|  |TAMS 0x000000008f000000, 0x000000008f000000| Untracked 
| 201|0x000000008f100000, 0x000000008f100000, 0x000000008f200000|  0%| F|  |TAMS 0x000000008f100000, 0x000000008f100000| Untracked 
| 202|0x000000008f200000, 0x000000008f200000, 0x000000008f300000|  0%| F|  |TAMS 0x000000008f200000, 0x000000008f200000| Untracked 
| 203|0x000000008f300000, 0x000000008f300000, 0x000000008f400000|  0%| F|  |TAMS 0x000000008f300000, 0x000000008f300000| Untracked 
| 204|0x000000008f400000, 0x000000008f400000, 0x000000008f500000|  0%| F|  |TAMS 0x000000008f400000, 0x000000008f400000| Untracked 
| 205|0x000000008f500000, 0x000000008f500000, 0x000000008f600000|  0%| F|  |TAMS 0x000000008f500000, 0x000000008f500000| Untracked 
| 206|0x000000008f600000, 0x000000008f600000, 0x000000008f700000|  0%| F|  |TAMS 0x000000008f600000, 0x000000008f600000| Untracked 
| 207|0x000000008f700000, 0x000000008f700000, 0x000000008f800000|  0%| F|  |TAMS 0x000000008f700000, 0x000000008f700000| Untracked 
| 208|0x000000008f800000, 0x000000008f800000, 0x000000008f900000|  0%| F|  |TAMS 0x000000008f800000, 0x000000008f800000| Untracked 
| 209|0x000000008f900000, 0x000000008f900000, 0x000000008fa00000|  0%| F|  |TAMS 0x000000008f900000, 0x000000008f900000| Untracked 
| 210|0x000000008fa00000, 0x000000008fa00000, 0x000000008fb00000|  0%| F|  |TAMS 0x000000008fa00000, 0x000000008fa00000| Untracked 
| 211|0x000000008fb00000, 0x000000008fb00000, 0x000000008fc00000|  0%| F|  |TAMS 0x000000008fb00000, 0x000000008fb00000| Untracked 
| 212|0x000000008fc00000, 0x000000008fc00000, 0x000000008fd00000|  0%| F|  |TAMS 0x000000008fc00000, 0x000000008fc00000| Untracked 
| 213|0x000000008fd00000, 0x000000008fd00000, 0x000000008fe00000|  0%| F|  |TAMS 0x000000008fd00000, 0x000000008fd00000| Untracked 
| 214|0x000000008fe00000, 0x000000008fe00000, 0x000000008ff00000|  0%| F|  |TAMS 0x000000008fe00000, 0x000000008fe00000| Untracked 
| 215|0x000000008ff00000, 0x000000008ff00000, 0x0000000090000000|  0%| F|  |TAMS 0x000000008ff00000, 0x000000008ff00000| Untracked 
| 216|0x0000000090000000, 0x0000000090000000, 0x0000000090100000|  0%| F|  |TAMS 0x0000000090000000, 0x0000000090000000| Untracked 
| 217|0x0000000090100000, 0x0000000090100000, 0x0000000090200000|  0%| F|  |TAMS 0x0000000090100000, 0x0000000090100000| Untracked 
| 218|0x0000000090200000, 0x0000000090200000, 0x0000000090300000|  0%| F|  |TAMS 0x0000000090200000, 0x0000000090200000| Untracked 
| 219|0x0000000090300000, 0x0000000090300000, 0x0000000090400000|  0%| F|  |TAMS 0x0000000090300000, 0x0000000090300000| Untracked 
| 220|0x0000000090400000, 0x0000000090400000, 0x0000000090500000|  0%| F|  |TAMS 0x0000000090400000, 0x0000000090400000| Untracked 
| 221|0x0000000090500000, 0x0000000090500000, 0x0000000090600000|  0%| F|  |TAMS 0x0000000090500000, 0x0000000090500000| Untracked 
| 222|0x0000000090600000, 0x0000000090600000, 0x0000000090700000|  0%| F|  |TAMS 0x0000000090600000, 0x0000000090600000| Untracked 
| 223|0x0000000090700000, 0x0000000090700000, 0x0000000090800000|  0%| F|  |TAMS 0x0000000090700000, 0x0000000090700000| Untracked 
| 224|0x0000000090800000, 0x0000000090800000, 0x0000000090900000|  0%| F|  |TAMS 0x0000000090800000, 0x0000000090800000| Untracked 
| 225|0x0000000090900000, 0x0000000090900000, 0x0000000090a00000|  0%| F|  |TAMS 0x0000000090900000, 0x0000000090900000| Untracked 
| 226|0x0000000090a00000, 0x0000000090a00000, 0x0000000090b00000|  0%| F|  |TAMS 0x0000000090a00000, 0x0000000090a00000| Untracked 
| 227|0x0000000090b00000, 0x0000000090b00000, 0x0000000090c00000|  0%| F|  |TAMS 0x0000000090b00000, 0x0000000090b00000| Untracked 
| 228|0x0000000090c00000, 0x0000000090c00000, 0x0000000090d00000|  0%| F|  |TAMS 0x0000000090c00000, 0x0000000090c00000| Untracked 
| 229|0x0000000090d00000, 0x0000000090d00000, 0x0000000090e00000|  0%| F|  |TAMS 0x0000000090d00000, 0x0000000090d00000| Untracked 
| 230|0x0000000090e00000, 0x0000000090e00000, 0x0000000090f00000|  0%| F|  |TAMS 0x0000000090e00000, 0x0000000090e00000| Untracked 
| 231|0x0000000090f00000, 0x0000000090f00000, 0x0000000091000000|  0%| F|  |TAMS 0x0000000090f00000, 0x0000000090f00000| Untracked 
| 232|0x0000000091000000, 0x0000000091000000, 0x0000000091100000|  0%| F|  |TAMS 0x0000000091000000, 0x0000000091000000| Untracked 
| 233|0x0000000091100000, 0x0000000091100000, 0x0000000091200000|  0%| F|  |TAMS 0x0000000091100000, 0x0000000091100000| Untracked 
| 234|0x0000000091200000, 0x0000000091200000, 0x0000000091300000|  0%| F|  |TAMS 0x0000000091200000, 0x0000000091200000| Untracked 
| 235|0x0000000091300000, 0x0000000091300000, 0x0000000091400000|  0%| F|  |TAMS 0x0000000091300000, 0x0000000091300000| Untracked 
| 236|0x0000000091400000, 0x0000000091400000, 0x0000000091500000|  0%| F|  |TAMS 0x0000000091400000, 0x0000000091400000| Untracked 
| 237|0x0000000091500000, 0x0000000091500000, 0x0000000091600000|  0%| F|  |TAMS 0x0000000091500000, 0x0000000091500000| Untracked 
| 238|0x0000000091600000, 0x0000000091600000, 0x0000000091700000|  0%| F|  |TAMS 0x0000000091600000, 0x0000000091600000| Untracked 
| 239|0x0000000091700000, 0x0000000091700000, 0x0000000091800000|  0%| F|  |TAMS 0x0000000091700000, 0x0000000091700000| Untracked 
| 240|0x0000000091800000, 0x0000000091800000, 0x0000000091900000|  0%| F|  |TAMS 0x0000000091800000, 0x0000000091800000| Untracked 
| 241|0x0000000091900000, 0x0000000091900000, 0x0000000091a00000|  0%| F|  |TAMS 0x0000000091900000, 0x0000000091900000| Untracked 
| 242|0x0000000091a00000, 0x0000000091a00000, 0x0000000091b00000|  0%| F|  |TAMS 0x0000000091a00000, 0x0000000091a00000| Untracked 
| 243|0x0000000091b00000, 0x0000000091b00000, 0x0000000091c00000|  0%| F|  |TAMS 0x0000000091b00000, 0x0000000091b00000| Untracked 
| 244|0x0000000091c00000, 0x0000000091c00000, 0x0000000091d00000|  0%| F|  |TAMS 0x0000000091c00000, 0x0000000091c00000| Untracked 
| 245|0x0000000091d00000, 0x0000000091d00000, 0x0000000091e00000|  0%| F|  |TAMS 0x0000000091d00000, 0x0000000091d00000| Untracked 
| 246|0x0000000091e00000, 0x0000000091e00000, 0x0000000091f00000|  0%| F|  |TAMS 0x0000000091e00000, 0x0000000091e00000| Untracked 
| 247|0x0000000091f00000, 0x0000000091f00000, 0x0000000092000000|  0%| F|  |TAMS 0x0000000091f00000, 0x0000000091f00000| Untracked 
| 248|0x0000000092000000, 0x0000000092000000, 0x0000000092100000|  0%| F|  |TAMS 0x0000000092000000, 0x0000000092000000| Untracked 
| 249|0x0000000092100000, 0x0000000092100000, 0x0000000092200000|  0%| F|  |TAMS 0x0000000092100000, 0x0000000092100000| Untracked 
| 250|0x0000000092200000, 0x0000000092200000, 0x0000000092300000|  0%| F|  |TAMS 0x0000000092200000, 0x0000000092200000| Untracked 
| 251|0x0000000092300000, 0x0000000092300000, 0x0000000092400000|  0%| F|  |TAMS 0x0000000092300000, 0x0000000092300000| Untracked 
| 252|0x0000000092400000, 0x0000000092400000, 0x0000000092500000|  0%| F|  |TAMS 0x0000000092400000, 0x0000000092400000| Untracked 
| 253|0x0000000092500000, 0x0000000092500000, 0x0000000092600000|  0%| F|  |TAMS 0x0000000092500000, 0x0000000092500000| Untracked 
| 254|0x0000000092600000, 0x0000000092600000, 0x0000000092700000|  0%| F|  |TAMS 0x0000000092600000, 0x0000000092600000| Untracked 
| 255|0x0000000092700000, 0x0000000092700000, 0x0000000092800000|  0%| F|  |TAMS 0x0000000092700000, 0x0000000092700000| Untracked 
| 256|0x0000000092800000, 0x0000000092800000, 0x0000000092900000|  0%| F|  |TAMS 0x0000000092800000, 0x0000000092800000| Untracked 
| 257|0x0000000092900000, 0x0000000092900000, 0x0000000092a00000|  0%| F|  |TAMS 0x0000000092900000, 0x0000000092900000| Untracked 
| 258|0x0000000092a00000, 0x0000000092a00000, 0x0000000092b00000|  0%| F|  |TAMS 0x0000000092a00000, 0x0000000092a00000| Untracked 
| 259|0x0000000092b00000, 0x0000000092b00000, 0x0000000092c00000|  0%| F|  |TAMS 0x0000000092b00000, 0x0000000092b00000| Untracked 
| 260|0x0000000092c00000, 0x0000000092c00000, 0x0000000092d00000|  0%| F|  |TAMS 0x0000000092c00000, 0x0000000092c00000| Untracked 
| 261|0x0000000092d00000, 0x0000000092d00000, 0x0000000092e00000|  0%| F|  |TAMS 0x0000000092d00000, 0x0000000092d00000| Untracked 
| 262|0x0000000092e00000, 0x0000000092e00000, 0x0000000092f00000|  0%| F|  |TAMS 0x0000000092e00000, 0x0000000092e00000| Untracked 
| 263|0x0000000092f00000, 0x0000000092f00000, 0x0000000093000000|  0%| F|  |TAMS 0x0000000092f00000, 0x0000000092f00000| Untracked 
| 264|0x0000000093000000, 0x0000000093000000, 0x0000000093100000|  0%| F|  |TAMS 0x0000000093000000, 0x0000000093000000| Untracked 
| 265|0x0000000093100000, 0x0000000093100000, 0x0000000093200000|  0%| F|  |TAMS 0x0000000093100000, 0x0000000093100000| Untracked 
| 266|0x0000000093200000, 0x0000000093200000, 0x0000000093300000|  0%| F|  |TAMS 0x0000000093200000, 0x0000000093200000| Untracked 
| 267|0x0000000093300000, 0x0000000093300000, 0x0000000093400000|  0%| F|  |TAMS 0x0000000093300000, 0x0000000093300000| Untracked 
| 268|0x0000000093400000, 0x0000000093400000, 0x0000000093500000|  0%| F|  |TAMS 0x0000000093400000, 0x0000000093400000| Untracked 
| 269|0x0000000093500000, 0x0000000093500000, 0x0000000093600000|  0%| F|  |TAMS 0x0000000093500000, 0x0000000093500000| Untracked 
| 270|0x0000000093600000, 0x0000000093600000, 0x0000000093700000|  0%| F|  |TAMS 0x0000000093600000, 0x0000000093600000| Untracked 
| 271|0x0000000093700000, 0x0000000093700000, 0x0000000093800000|  0%| F|  |TAMS 0x0000000093700000, 0x0000000093700000| Untracked 
| 272|0x0000000093800000, 0x0000000093800000, 0x0000000093900000|  0%| F|  |TAMS 0x0000000093800000, 0x0000000093800000| Untracked 
| 273|0x0000000093900000, 0x0000000093900000, 0x0000000093a00000|  0%| F|  |TAMS 0x0000000093900000, 0x0000000093900000| Untracked 
| 274|0x0000000093a00000, 0x0000000093a00000, 0x0000000093b00000|  0%| F|  |TAMS 0x0000000093a00000, 0x0000000093a00000| Untracked 
| 275|0x0000000093b00000, 0x0000000093b00000, 0x0000000093c00000|  0%| F|  |TAMS 0x0000000093b00000, 0x0000000093b00000| Untracked 
| 276|0x0000000093c00000, 0x0000000093c00000, 0x0000000093d00000|  0%| F|  |TAMS 0x0000000093c00000, 0x0000000093c00000| Untracked 
| 277|0x0000000093d00000, 0x0000000093d00000, 0x0000000093e00000|  0%| F|  |TAMS 0x0000000093d00000, 0x0000000093d00000| Untracked 
| 278|0x0000000093e00000, 0x0000000093e00000, 0x0000000093f00000|  0%| F|  |TAMS 0x0000000093e00000, 0x0000000093e00000| Untracked 
| 279|0x0000000093f00000, 0x0000000093f00000, 0x0000000094000000|  0%| F|  |TAMS 0x0000000093f00000, 0x0000000093f00000| Untracked 
| 280|0x0000000094000000, 0x0000000094000000, 0x0000000094100000|  0%| F|  |TAMS 0x0000000094000000, 0x0000000094000000| Untracked 
| 281|0x0000000094100000, 0x0000000094100000, 0x0000000094200000|  0%| F|  |TAMS 0x0000000094100000, 0x0000000094100000| Untracked 
| 282|0x0000000094200000, 0x0000000094200000, 0x0000000094300000|  0%| F|  |TAMS 0x0000000094200000, 0x0000000094200000| Untracked 
| 283|0x0000000094300000, 0x0000000094300000, 0x0000000094400000|  0%| F|  |TAMS 0x0000000094300000, 0x0000000094300000| Untracked 
| 284|0x0000000094400000, 0x0000000094400000, 0x0000000094500000|  0%| F|  |TAMS 0x0000000094400000, 0x0000000094400000| Untracked 
| 285|0x0000000094500000, 0x0000000094500000, 0x0000000094600000|  0%| F|  |TAMS 0x0000000094500000, 0x0000000094500000| Untracked 
| 286|0x0000000094600000, 0x0000000094600000, 0x0000000094700000|  0%| F|  |TAMS 0x0000000094600000, 0x0000000094600000| Untracked 
| 287|0x0000000094700000, 0x0000000094700000, 0x0000000094800000|  0%| F|  |TAMS 0x0000000094700000, 0x0000000094700000| Untracked 
| 288|0x0000000094800000, 0x0000000094800000, 0x0000000094900000|  0%| F|  |TAMS 0x0000000094800000, 0x0000000094800000| Untracked 
| 289|0x0000000094900000, 0x0000000094900000, 0x0000000094a00000|  0%| F|  |TAMS 0x0000000094900000, 0x0000000094900000| Untracked 
| 290|0x0000000094a00000, 0x0000000094a00000, 0x0000000094b00000|  0%| F|  |TAMS 0x0000000094a00000, 0x0000000094a00000| Untracked 
| 291|0x0000000094b00000, 0x0000000094b00000, 0x0000000094c00000|  0%| F|  |TAMS 0x0000000094b00000, 0x0000000094b00000| Untracked 
| 292|0x0000000094c00000, 0x0000000094c00000, 0x0000000094d00000|  0%| F|  |TAMS 0x0000000094c00000, 0x0000000094c00000| Untracked 
| 293|0x0000000094d00000, 0x0000000094d00000, 0x0000000094e00000|  0%| F|  |TAMS 0x0000000094d00000, 0x0000000094d00000| Untracked 
| 294|0x0000000094e00000, 0x0000000094e00000, 0x0000000094f00000|  0%| F|  |TAMS 0x0000000094e00000, 0x0000000094e00000| Untracked 
| 295|0x0000000094f00000, 0x0000000094f00000, 0x0000000095000000|  0%| F|  |TAMS 0x0000000094f00000, 0x0000000094f00000| Untracked 
| 296|0x0000000095000000, 0x0000000095000000, 0x0000000095100000|  0%| F|  |TAMS 0x0000000095000000, 0x0000000095000000| Untracked 
| 297|0x0000000095100000, 0x0000000095100000, 0x0000000095200000|  0%| F|  |TAMS 0x0000000095100000, 0x0000000095100000| Untracked 
| 298|0x0000000095200000, 0x0000000095200000, 0x0000000095300000|  0%| F|  |TAMS 0x0000000095200000, 0x0000000095200000| Untracked 
| 299|0x0000000095300000, 0x0000000095300000, 0x0000000095400000|  0%| F|  |TAMS 0x0000000095300000, 0x0000000095300000| Untracked 
| 300|0x0000000095400000, 0x0000000095400000, 0x0000000095500000|  0%| F|  |TAMS 0x0000000095400000, 0x0000000095400000| Untracked 
| 301|0x0000000095500000, 0x0000000095500000, 0x0000000095600000|  0%| F|  |TAMS 0x0000000095500000, 0x0000000095500000| Untracked 
| 302|0x0000000095600000, 0x0000000095600000, 0x0000000095700000|  0%| F|  |TAMS 0x0000000095600000, 0x0000000095600000| Untracked 
| 303|0x0000000095700000, 0x0000000095700000, 0x0000000095800000|  0%| F|  |TAMS 0x0000000095700000, 0x0000000095700000| Untracked 
| 304|0x0000000095800000, 0x0000000095800000, 0x0000000095900000|  0%| F|  |TAMS 0x0000000095800000, 0x0000000095800000| Untracked 
| 305|0x0000000095900000, 0x0000000095900000, 0x0000000095a00000|  0%| F|  |TAMS 0x0000000095900000, 0x0000000095900000| Untracked 
| 306|0x0000000095a00000, 0x0000000095a00000, 0x0000000095b00000|  0%| F|  |TAMS 0x0000000095a00000, 0x0000000095a00000| Untracked 
| 307|0x0000000095b00000, 0x0000000095c00000, 0x0000000095c00000|100%| E|  |TAMS 0x0000000095b00000, 0x0000000095b00000| Complete 
| 308|0x0000000095c00000, 0x0000000095d00000, 0x0000000095d00000|100%| E|CS|TAMS 0x0000000095c00000, 0x0000000095c00000| Complete 
| 309|0x0000000095d00000, 0x0000000095e00000, 0x0000000095e00000|100%| E|CS|TAMS 0x0000000095d00000, 0x0000000095d00000| Complete 
| 310|0x0000000095e00000, 0x0000000095f00000, 0x0000000095f00000|100%| E|CS|TAMS 0x0000000095e00000, 0x0000000095e00000| Complete 
| 311|0x0000000095f00000, 0x0000000096000000, 0x0000000096000000|100%| E|CS|TAMS 0x0000000095f00000, 0x0000000095f00000| Complete 
| 312|0x0000000096000000, 0x0000000096100000, 0x0000000096100000|100%| E|CS|TAMS 0x0000000096000000, 0x0000000096000000| Complete 
| 313|0x0000000096100000, 0x0000000096200000, 0x0000000096200000|100%| E|CS|TAMS 0x0000000096100000, 0x0000000096100000| Complete 
| 314|0x0000000096200000, 0x0000000096300000, 0x0000000096300000|100%| E|CS|TAMS 0x0000000096200000, 0x0000000096200000| Complete 
| 315|0x0000000096300000, 0x0000000096400000, 0x0000000096400000|100%| E|CS|TAMS 0x0000000096300000, 0x0000000096300000| Complete 
| 316|0x0000000096400000, 0x0000000096500000, 0x0000000096500000|100%| E|CS|TAMS 0x0000000096400000, 0x0000000096400000| Complete 
| 317|0x0000000096500000, 0x0000000096600000, 0x0000000096600000|100%| E|CS|TAMS 0x0000000096500000, 0x0000000096500000| Complete 
| 318|0x0000000096600000, 0x0000000096700000, 0x0000000096700000|100%| E|CS|TAMS 0x0000000096600000, 0x0000000096600000| Complete 
| 319|0x0000000096700000, 0x0000000096800000, 0x0000000096800000|100%| E|CS|TAMS 0x0000000096700000, 0x0000000096700000| Complete 
| 320|0x0000000096800000, 0x0000000096900000, 0x0000000096900000|100%| E|CS|TAMS 0x0000000096800000, 0x0000000096800000| Complete 
| 321|0x0000000096900000, 0x0000000096a00000, 0x0000000096a00000|100%| E|CS|TAMS 0x0000000096900000, 0x0000000096900000| Complete 

Card table byte_map: [0x0000020df5380000,0x0000020df5770000] _byte_map_base: 0x0000020df4f6c000

Marking Bits (Prev, Next): (CMBitMap*) 0x0000020de27e5710, (CMBitMap*) 0x0000020de27e5750
 Prev Bits: [0x0000020df5b60000, 0x0000020df7ac0000)
 Next Bits: [0x0000020df7ac0000, 0x0000020df9a20000)

Polling page: 0x0000020de1f40000

Metaspace:

Usage:
  Non-class:     64.56 MB used.
      Class:      7.93 MB used.
       Both:     72.49 MB used.

Virtual space:
  Non-class space:      128.00 MB reserved,      64.75 MB ( 51%) committed,  2 nodes.
      Class space:        1.00 GB reserved,       8.12 MB ( <1%) committed,  1 nodes.
             Both:        1.12 GB reserved,      72.88 MB (  6%) committed. 

Chunk freelists:
   Non-Class:  15.11 MB
       Class:  7.92 MB
        Both:  23.03 MB

MaxMetaspaceSize: unlimited
CompressedClassSpaceSize: 1.00 GB
Initial GC threshold: 21.00 MB
Current GC threshold: 120.75 MB
CDS: off
MetaspaceReclaimPolicy: balanced
 - commit_granule_bytes: 65536.
 - commit_granule_words: 8192.
 - virtual_space_node_default_size: 8388608.
 - enlarge_chunks_in_place: 1.
 - new_chunks_are_fully_committed: 0.
 - uncommit_free_chunks: 1.
 - use_allocation_guard: 0.
 - handle_deallocations: 1.


Internal statistics:

num_allocs_failed_limit: 3.
num_arena_births: 406.
num_arena_deaths: 0.
num_vsnodes_births: 3.
num_vsnodes_deaths: 0.
num_space_committed: 1164.
num_space_uncommitted: 0.
num_chunks_returned_to_freelist: 3.
num_chunks_taken_from_freelist: 2906.
num_chunk_merges: 3.
num_chunk_splits: 2264.
num_chunks_enlarged: 1917.
num_inconsistent_stats: 0.

CodeHeap 'non-profiled nmethods': size=120000Kb used=8249Kb max_used=8249Kb free=111750Kb
 bounds [0x0000020ded730000, 0x0000020dedf40000, 0x0000020df4c60000]
CodeHeap 'profiled nmethods': size=120000Kb used=35466Kb max_used=35466Kb free=84533Kb
 bounds [0x0000020de5c60000, 0x0000020de7f10000, 0x0000020ded190000]
CodeHeap 'non-nmethods': size=5760Kb used=1382Kb max_used=1463Kb free=4377Kb
 bounds [0x0000020ded190000, 0x0000020ded400000, 0x0000020ded730000]
 total_blobs=13264 nmethods=12557 adapters=614
 compilation: enabled
              stopped_count=0, restarted_count=0
 full_count=0

Compilation events (20 events):
Event: 43.635 Thread 0x0000020dfc634020 nmethod 15738 0x0000020de74cc690 code [0x0000020de74cc840, 0x0000020de74cca98]
Event: 43.635 Thread 0x0000020dfc634020 15739       3       androidx.compose.compiler.plugins.kotlin.lower.ComposableFunctionBodyTransformer::irCall (92 bytes)
Event: 43.636 Thread 0x0000020dfc634020 nmethod 15739 0x0000020de74ca710 code [0x0000020de74caa20, 0x0000020de74cbfc8]
Event: 43.636 Thread 0x0000020dfc634020 15740       3       org.jetbrains.kotlin.ir.declarations.lazy.IrLazyFunction::getSymbol (8 bytes)
Event: 43.637 Thread 0x0000020dfc634020 nmethod 15740 0x0000020de74ca290 code [0x0000020de74ca420, 0x0000020de74ca638]
Event: 43.637 Thread 0x0000020dfc634020 15741       3       androidx.compose.compiler.plugins.kotlin.lower.AbstractComposeLowering::referenceFunction (9 bytes)
Event: 43.637 Thread 0x0000020dfc634020 nmethod 15741 0x0000020de74c9e10 code [0x0000020de74c9fc0, 0x0000020de74ca188]
Event: 43.637 Thread 0x0000020dfc634020 15742       3       androidx.compose.compiler.plugins.kotlin.analysis.StabilityKt::canInferStability (57 bytes)
Event: 43.638 Thread 0x0000020dfc634020 nmethod 15742 0x0000020de74c8e10 code [0x0000020de74c9060, 0x0000020de74c9a78]
Event: 43.638 Thread 0x0000020dfc634020 15744       3       java.util.ArrayList::checkForComodification (17 bytes)
Event: 43.639 Thread 0x0000020dfc634020 nmethod 15744 0x0000020de74c8910 code [0x0000020de74c8ac0, 0x0000020de74c8ce8]
Event: 43.639 Thread 0x0000020dfc634020 15743       3       androidx.compose.compiler.plugins.kotlin.analysis.StabilityKt::stabilityParamBitmask (78 bytes)
Event: 43.640 Thread 0x0000020dfc634020 nmethod 15743 0x0000020de74c7b90 code [0x0000020de74c7dc0, 0x0000020de74c8668]
Event: 43.640 Thread 0x0000020dfc634020 15745       3       androidx.compose.compiler.plugins.kotlin.lower.ComposableFunctionBodyTransformer::mutableStatementContainer (8 bytes)
Event: 43.640 Thread 0x0000020dfc634020 nmethod 15745 0x0000020de74c7790 code [0x0000020de74c7940, 0x0000020de74c7ae8]
Event: 43.640 Thread 0x0000020dfc634020 15746       3       androidx.compose.compiler.plugins.kotlin.ComposeFqNames::getRemember (4 bytes)
Event: 43.640 Thread 0x0000020dfc634020 nmethod 15746 0x0000020de74c7410 code [0x0000020de74c75a0, 0x0000020de74c76b8]
Event: 43.640 Thread 0x0000020dfc634020 15747       3       org.jetbrains.kotlin.ir.expressions.impl.IrIfThenElseImpl::<init> (46 bytes)
Event: 43.641 Thread 0x0000020dfc634020 nmethod 15747 0x0000020de6af0a10 code [0x0000020de6af0c60, 0x0000020de6af16f8]
Event: 43.641 Thread 0x0000020dfc634020 15748   !   3       androidx.compose.compiler.plugins.kotlin.lower.ComposableFunctionBodyTransformer::visitNormalComposableCall (1297 bytes)

GC Heap History (20 events):
Event: 28.023 GC heap before
{Heap before GC invocations=26 (full 0):
 garbage-first heap   total 134144K, used 107262K [0x0000000082800000, 0x0000000100000000)
  region size 1024K, 39 young (39936K), 4 survivors (4096K)
 Metaspace       used 60996K, committed 61248K, reserved 1114112K
  class space    used 6948K, committed 7040K, reserved 1048576K
}
Event: 28.039 GC heap after
{Heap after GC invocations=27 (full 0):
 garbage-first heap   total 134144K, used 74964K [0x0000000082800000, 0x0000000100000000)
  region size 1024K, 4 young (4096K), 4 survivors (4096K)
 Metaspace       used 60996K, committed 61248K, reserved 1114112K
  class space    used 6948K, committed 7040K, reserved 1048576K
}
Event: 28.180 GC heap before
{Heap before GC invocations=27 (full 0):
 garbage-first heap   total 134144K, used 107732K [0x0000000082800000, 0x0000000100000000)
  region size 1024K, 36 young (36864K), 4 survivors (4096K)
 Metaspace       used 60996K, committed 61248K, reserved 1114112K
  class space    used 6948K, committed 7040K, reserved 1048576K
}
Event: 28.193 GC heap after
{Heap after GC invocations=28 (full 0):
 garbage-first heap   total 164864K, used 78979K [0x0000000082800000, 0x0000000100000000)
  region size 1024K, 4 young (4096K), 4 survivors (4096K)
 Metaspace       used 60996K, committed 61248K, reserved 1114112K
  class space    used 6948K, committed 7040K, reserved 1048576K
}
Event: 31.542 GC heap before
{Heap before GC invocations=28 (full 0):
 garbage-first heap   total 164864K, used 133251K [0x0000000082800000, 0x0000000100000000)
  region size 1024K, 55 young (56320K), 4 survivors (4096K)
 Metaspace       used 61735K, committed 61952K, reserved 1114112K
  class space    used 6958K, committed 7040K, reserved 1048576K
}
Event: 31.559 GC heap after
{Heap after GC invocations=29 (full 0):
 garbage-first heap   total 164864K, used 86495K [0x0000000082800000, 0x0000000100000000)
  region size 1024K, 6 young (6144K), 6 survivors (6144K)
 Metaspace       used 61735K, committed 61952K, reserved 1114112K
  class space    used 6958K, committed 7040K, reserved 1048576K
}
Event: 34.780 GC heap before
{Heap before GC invocations=29 (full 0):
 garbage-first heap   total 164864K, used 132575K [0x0000000082800000, 0x0000000100000000)
  region size 1024K, 51 young (52224K), 6 survivors (6144K)
 Metaspace       used 62116K, committed 62400K, reserved 1114112K
  class space    used 6962K, committed 7104K, reserved 1048576K
}
Event: 34.807 GC heap after
{Heap after GC invocations=30 (full 0):
 garbage-first heap   total 164864K, used 89566K [0x0000000082800000, 0x0000000100000000)
  region size 1024K, 3 young (3072K), 3 survivors (3072K)
 Metaspace       used 62116K, committed 62400K, reserved 1114112K
  class space    used 6962K, committed 7104K, reserved 1048576K
}
Event: 36.899 GC heap before
{Heap before GC invocations=30 (full 0):
 garbage-first heap   total 164864K, used 134622K [0x0000000082800000, 0x0000000100000000)
  region size 1024K, 47 young (48128K), 3 survivors (3072K)
 Metaspace       used 62420K, committed 62784K, reserved 1114112K
  class space    used 6964K, committed 7168K, reserved 1048576K
}
Event: 36.917 GC heap after
{Heap after GC invocations=31 (full 0):
 garbage-first heap   total 164864K, used 92638K [0x0000000082800000, 0x0000000100000000)
  region size 1024K, 6 young (6144K), 6 survivors (6144K)
 Metaspace       used 62420K, committed 62784K, reserved 1114112K
  class space    used 6964K, committed 7168K, reserved 1048576K
}
Event: 38.263 GC heap before
{Heap before GC invocations=32 (full 0):
 garbage-first heap   total 164864K, used 135646K [0x0000000082800000, 0x0000000100000000)
  region size 1024K, 48 young (49152K), 6 survivors (6144K)
 Metaspace       used 63776K, committed 64064K, reserved 1114112K
  class space    used 7087K, committed 7232K, reserved 1048576K
}
Event: 38.283 GC heap after
{Heap after GC invocations=33 (full 0):
 garbage-first heap   total 164864K, used 94626K [0x0000000082800000, 0x0000000100000000)
  region size 1024K, 6 young (6144K), 6 survivors (6144K)
 Metaspace       used 63776K, committed 64064K, reserved 1114112K
  class space    used 7087K, committed 7232K, reserved 1048576K
}
Event: 38.329 GC heap before
{Heap before GC invocations=33 (full 0):
 garbage-first heap   total 164864K, used 95650K [0x0000000082800000, 0x0000000100000000)
  region size 1024K, 8 young (8192K), 6 survivors (6144K)
 Metaspace       used 63869K, committed 64192K, reserved 1114112K
  class space    used 7099K, committed 7296K, reserved 1048576K
}
Event: 38.345 GC heap after
{Heap after GC invocations=34 (full 0):
 garbage-first heap   total 164864K, used 93924K [0x0000000082800000, 0x0000000100000000)
  region size 1024K, 1 young (1024K), 1 survivors (1024K)
 Metaspace       used 63869K, committed 64192K, reserved 1114112K
  class space    used 7099K, committed 7296K, reserved 1048576K
}
Event: 40.319 GC heap before
{Heap before GC invocations=34 (full 0):
 garbage-first heap   total 164864K, used 136932K [0x0000000082800000, 0x0000000100000000)
  region size 1024K, 43 young (44032K), 1 survivors (1024K)
 Metaspace       used 70242K, committed 70528K, reserved 1114112K
  class space    used 7728K, committed 7872K, reserved 1048576K
}
Event: 40.336 GC heap after
{Heap after GC invocations=35 (full 0):
 garbage-first heap   total 164864K, used 96447K [0x0000000082800000, 0x0000000100000000)
  region size 1024K, 4 young (4096K), 4 survivors (4096K)
 Metaspace       used 70242K, committed 70528K, reserved 1114112K
  class space    used 7728K, committed 7872K, reserved 1048576K
}
Event: 41.983 GC heap before
{Heap before GC invocations=35 (full 0):
 garbage-first heap   total 164864K, used 137407K [0x0000000082800000, 0x0000000100000000)
  region size 1024K, 44 young (45056K), 4 survivors (4096K)
 Metaspace       used 72793K, committed 73152K, reserved 1114112K
  class space    used 8014K, committed 8192K, reserved 1048576K
}
Event: 42.014 GC heap after
{Heap after GC invocations=36 (full 0):
 garbage-first heap   total 164864K, used 102716K [0x0000000082800000, 0x0000000100000000)
  region size 1024K, 6 young (6144K), 6 survivors (6144K)
 Metaspace       used 72793K, committed 73152K, reserved 1114112K
  class space    used 8014K, committed 8192K, reserved 1048576K
}
Event: 43.135 GC heap before
{Heap before GC invocations=36 (full 0):
 garbage-first heap   total 164864K, used 136508K [0x0000000082800000, 0x0000000100000000)
  region size 1024K, 39 young (39936K), 6 survivors (6144K)
 Metaspace       used 73504K, committed 73920K, reserved 1179648K
  class space    used 8059K, committed 8256K, reserved 1048576K
}
Event: 43.173 GC heap after
{Heap after GC invocations=37 (full 0):
 garbage-first heap   total 329728K, used 111385K [0x0000000082800000, 0x0000000100000000)
  region size 1024K, 5 young (5120K), 5 survivors (5120K)
 Metaspace       used 73504K, committed 73920K, reserved 1179648K
  class space    used 8059K, committed 8256K, reserved 1048576K
}

Dll operation events (2 events):
Event: 0.269 Loaded shared library D:\Aplikasi\Android Studio\jbr\bin\java.dll
Event: 5.051 Loaded shared library D:\Aplikasi\Android Studio\jbr\bin\verify.dll

Deoptimization events (20 events):
Event: 43.424 Thread 0x0000020de27891d0 Uncommon trap: trap_request=0xffffffde fr.pc=0x0000020dedeef564 relative=0x00000000000000c4
Event: 43.424 Thread 0x0000020de27891d0 Uncommon trap: reason=class_check action=maybe_recompile pc=0x0000020dedeef564 method=androidx.compose.compiler.plugins.kotlin.lower.IrInlineReferenceLocatorKt.isInlineArrayConstructor(Lorg/jetbrains/kotlin/ir/declarations/IrFunction;Lorg/jetbrains/kotlin
Event: 43.424 Thread 0x0000020de27891d0 DEOPT PACKING pc=0x0000020dedeef564 sp=0x000000e4d17fd060
Event: 43.424 Thread 0x0000020de27891d0 DEOPT UNPACKING pc=0x0000020ded1e69a3 sp=0x000000e4d17fcff0 mode 2
Event: 43.424 Thread 0x0000020de27891d0 Uncommon trap: trap_request=0xffffffde fr.pc=0x0000020dedf06754 relative=0x00000000000021b4
Event: 43.424 Thread 0x0000020de27891d0 Uncommon trap: reason=class_check action=maybe_recompile pc=0x0000020dedf06754 method=androidx.compose.compiler.plugins.kotlin.lower.IrInlineReferenceLocatorKt.isInlineArrayConstructor(Lorg/jetbrains/kotlin/ir/declarations/IrFunction;Lorg/jetbrains/kotlin
Event: 43.424 Thread 0x0000020de27891d0 DEOPT PACKING pc=0x0000020dedf06754 sp=0x000000e4d17fc510
Event: 43.424 Thread 0x0000020de27891d0 DEOPT UNPACKING pc=0x0000020ded1e69a3 sp=0x000000e4d17fc3b0 mode 2
Event: 43.425 Thread 0x0000020de27891d0 Uncommon trap: trap_request=0xffffffde fr.pc=0x0000020dedeef564 relative=0x00000000000000c4
Event: 43.425 Thread 0x0000020de27891d0 Uncommon trap: reason=class_check action=maybe_recompile pc=0x0000020dedeef564 method=androidx.compose.compiler.plugins.kotlin.lower.IrInlineReferenceLocatorKt.isInlineArrayConstructor(Lorg/jetbrains/kotlin/ir/declarations/IrFunction;Lorg/jetbrains/kotlin
Event: 43.425 Thread 0x0000020de27891d0 DEOPT PACKING pc=0x0000020dedeef564 sp=0x000000e4d17fd060
Event: 43.425 Thread 0x0000020de27891d0 DEOPT UNPACKING pc=0x0000020ded1e69a3 sp=0x000000e4d17fcff0 mode 2
Event: 43.425 Thread 0x0000020de27891d0 Uncommon trap: trap_request=0xffffffde fr.pc=0x0000020dedf06754 relative=0x00000000000021b4
Event: 43.425 Thread 0x0000020de27891d0 Uncommon trap: reason=class_check action=maybe_recompile pc=0x0000020dedf06754 method=androidx.compose.compiler.plugins.kotlin.lower.IrInlineReferenceLocatorKt.isInlineArrayConstructor(Lorg/jetbrains/kotlin/ir/declarations/IrFunction;Lorg/jetbrains/kotlin
Event: 43.425 Thread 0x0000020de27891d0 DEOPT PACKING pc=0x0000020dedf06754 sp=0x000000e4d17fca70
Event: 43.425 Thread 0x0000020de27891d0 DEOPT UNPACKING pc=0x0000020ded1e69a3 sp=0x000000e4d17fc910 mode 2
Event: 43.537 Thread 0x0000020de27891d0 Uncommon trap: trap_request=0xffffff45 fr.pc=0x0000020ded786a8c relative=0x00000000000002ec
Event: 43.537 Thread 0x0000020de27891d0 Uncommon trap: reason=unstable_if action=reinterpret pc=0x0000020ded786a8c method=java.util.ArrayList.add(ILjava/lang/Object;)V @ 29 c2
Event: 43.537 Thread 0x0000020de27891d0 DEOPT PACKING pc=0x0000020ded786a8c sp=0x000000e4d17fd980
Event: 43.537 Thread 0x0000020de27891d0 DEOPT UNPACKING pc=0x0000020ded1e69a3 sp=0x000000e4d17fd948 mode 2

Classes unloaded (0 events):
No events

Classes redefined (0 events):
No events

Internal exceptions (20 events):
Event: 19.596 Thread 0x0000020de27891d0 Exception <a 'java/lang/NoSuchMethodError'{0x0000000086ae0d18}: 'int java.lang.invoke.DirectMethodHandle$Holder.invokeStaticInit(java.lang.Object, int)'> (0x0000000086ae0d18) 
thrown [s\src\hotspot\share\interpreter\linkResolver.cpp, line 771]
Event: 19.608 Thread 0x0000020de27891d0 Implicit null exception at 0x0000020ded78f78f to 0x0000020ded78f809
Event: 21.600 Thread 0x0000020de27891d0 Implicit null exception at 0x0000020ded90c147 to 0x0000020ded90d710
Event: 22.332 Thread 0x0000020de27891d0 Exception <a 'java/lang/NoSuchMethodError'{0x0000000088ed8a30}: 'java.lang.Object java.lang.invoke.DirectMethodHandle$Holder.invokeStatic(java.lang.Object, int, java.lang.Object, java.lang.Object)'> (0x0000000088ed8a30) 
thrown [s\src\hotspot\share\interpreter\linkResolver.cpp, line 771]
Event: 22.333 Thread 0x0000020de27891d0 Exception <a 'java/lang/NoSuchMethodError'{0x0000000088ee1728}: 'java.lang.Object java.lang.invoke.DirectMethodHandle$Holder.newInvokeSpecial(java.lang.Object, int, java.lang.Object)'> (0x0000000088ee1728) 
thrown [s\src\hotspot\share\interpreter\linkResolver.cpp, line 771]
Event: 22.334 Thread 0x0000020de27891d0 Exception <a 'java/lang/NoSuchMethodError'{0x0000000088ee8540}: 'int java.lang.invoke.DirectMethodHandle$Holder.invokeInterface(java.lang.Object, java.lang.Object)'> (0x0000000088ee8540) 
thrown [s\src\hotspot\share\interpreter\linkResolver.cpp, line 771]
Event: 22.871 Thread 0x0000020de27891d0 Exception <a 'java/lang/NoSuchMethodError'{0x0000000088a17868}: 'java.lang.Object java.lang.invoke.DirectMethodHandle$Holder.newInvokeSpecial(java.lang.Object, java.lang.Object, java.lang.Object, java.lang.Object, java.lang.Object, java.lang.Object, java.lang.Object)'> (0x0000000088a17868) 
thrown [s\src\hotspot\share\interpreter\linkResolver.cpp, line 771]
Event: 22.873 Thread 0x0000020de27891d0 Exception <a 'java/lang/NoSuchMethodError'{0x0000000088a1c420}: 'java.lang.Object java.lang.invoke.Invokers$Holder.linkToTargetMethod(java.lang.Object, java.lang.Object, java.lang.Object, java.lang.Object, java.lang.Object, java.lang.Object, java.lang.Object)'> (0x0000000088a1c420) 
thrown [s\src\hotspot\share\interpreter\linkResolver.cpp, line 771]
Event: 23.380 Thread 0x0000020de27891d0 Exception <a 'java/lang/NoSuchMethodError'{0x000000008870d938}: 'java.lang.Object java.lang.invoke.DirectMethodHandle$Holder.invokeInterface(java.lang.Object, java.lang.Object, java.lang.Object)'> (0x000000008870d938) 
thrown [s\src\hotspot\share\interpreter\linkResolver.cpp, line 771]
Event: 23.381 Thread 0x0000020de27891d0 Exception <a 'java/lang/IncompatibleClassChangeError'{0x00000000887112a8}: Found class java.lang.Object, but interface was expected> (0x00000000887112a8) 
thrown [s\src\hotspot\share\interpreter\linkResolver.cpp, line 838]
Event: 23.790 Thread 0x0000020de27891d0 Implicit null exception at 0x0000020ded9d1a40 to 0x0000020ded9d1ac9
Event: 29.427 Thread 0x0000020de27891d0 Implicit null exception at 0x0000020dedbcd7cc to 0x0000020dedbcd9b4
Event: 38.741 Thread 0x0000020de27891d0 Exception <a 'java/lang/NoSuchMethodError'{0x000000008bfc6290}: 'java.lang.Object java.lang.invoke.DirectMethodHandle$Holder.invokeStaticInit(java.lang.Object, java.lang.Object, java.lang.Object, java.lang.Object)'> (0x000000008bfc6290) 
thrown [s\src\hotspot\share\interpreter\linkResolver.cpp, line 771]
Event: 39.258 Thread 0x0000020de27891d0 Exception <a 'java/lang/NoSuchMethodError'{0x000000008afbaf88}: 'java.lang.Object java.lang.invoke.DirectMethodHandle$Holder.newInvokeSpecial(java.lang.Object, java.lang.Object, java.lang.Object, int, int)'> (0x000000008afbaf88) 
thrown [s\src\hotspot\share\interpreter\linkResolver.cpp, line 771]
Event: 39.259 Thread 0x0000020de27891d0 Exception <a 'java/lang/NoSuchMethodError'{0x000000008afbedc8}: 'java.lang.Object java.lang.invoke.DirectMethodHandle$Holder.invokeSpecial(java.lang.Object, java.lang.Object, java.lang.Object, java.lang.Object, int, int)'> (0x000000008afbedc8) 
thrown [s\src\hotspot\share\interpreter\linkResolver.cpp, line 771]
Event: 39.707 Thread 0x0000020de27891d0 Exception <a 'java/lang/NoSuchMethodError'{0x000000008a6daaa0}: 'java.lang.Object java.lang.invoke.DirectMethodHandle$Holder.invokeStatic(java.lang.Object, int, java.lang.Object)'> (0x000000008a6daaa0) 
thrown [s\src\hotspot\share\interpreter\linkResolver.cpp, line 771]
Event: 39.865 Thread 0x0000020de27891d0 Implicit null exception at 0x0000020ded79c296 to 0x0000020ded79c56c
Event: 39.895 Thread 0x0000020de27891d0 Exception <a 'java/lang/NoSuchMethodError'{0x000000008a380458}: 'java.lang.Object java.lang.invoke.DirectMethodHandle$Holder.invokeSpecial(java.lang.Object, java.lang.Object, int, int, java.lang.Object, java.lang.Object, java.lang.Object, java.lang.Object, java.lang.Object)'> (0x000000008a380458) 
thrown [s\src\hotspot\share\interpreter\linkResolver.cpp, line 771]
Event: 40.569 Thread 0x0000020de27891d0 Exception <a 'java/lang/NoSuchMethodError'{0x000000008c5d7210}: 'java.lang.Object java.lang.invoke.DirectMethodHandle$Holder.newInvokeSpecial(java.lang.Object, java.lang.Object, int, int, java.lang.Object, java.lang.Object, java.lang.Object)'> (0x000000008c5d7210) 
thrown [s\src\hotspot\share\interpreter\linkResolver.cpp, line 771]
Event: 40.569 Thread 0x0000020de27891d0 Exception <a 'java/lang/NoSuchMethodError'{0x000000008c5db8a8}: 'java.lang.Object java.lang.invoke.DirectMethodHandle$Holder.invokeSpecial(java.lang.Object, java.lang.Object, java.lang.Object, int, int, java.lang.Object, java.lang.Object, java.lang.Object)'> (0x000000008c5db8a8) 
thrown [s\src\hotspot\share\interpreter\linkResolver.cpp, line 771]

VM Operations (20 events):
Event: 42.536 Executing VM operation: ICBufferFull
Event: 42.536 Executing VM operation: ICBufferFull done
Event: 42.573 Executing VM operation: HandshakeAllThreads
Event: 42.573 Executing VM operation: HandshakeAllThreads done
Event: 42.576 Executing VM operation: HandshakeAllThreads
Event: 42.576 Executing VM operation: HandshakeAllThreads done
Event: 42.579 Executing VM operation: HandshakeAllThreads
Event: 42.579 Executing VM operation: HandshakeAllThreads done
Event: 42.781 Executing VM operation: ICBufferFull
Event: 42.781 Executing VM operation: ICBufferFull done
Event: 43.015 Executing VM operation: HandshakeAllThreads
Event: 43.015 Executing VM operation: HandshakeAllThreads done
Event: 43.049 Executing VM operation: ICBufferFull
Event: 43.049 Executing VM operation: ICBufferFull done
Event: 43.134 Executing VM operation: G1CollectForAllocation
Event: 43.173 Executing VM operation: G1CollectForAllocation done
Event: 43.407 Executing VM operation: G1PauseRemark
Event: 43.421 Executing VM operation: G1PauseRemark done
Event: 43.541 Executing VM operation: G1PauseCleanup
Event: 43.541 Executing VM operation: G1PauseCleanup done

Events (20 events):
Event: 42.440 Thread 0x0000020dfc6370e0 flushing nmethod 0x0000020de7c77110
Event: 42.440 Thread 0x0000020dfc6370e0 flushing nmethod 0x0000020de7c78690
Event: 42.440 Thread 0x0000020dfc6370e0 flushing nmethod 0x0000020de7c78e10
Event: 42.440 Thread 0x0000020dfc6370e0 flushing nmethod 0x0000020de7c79c10
Event: 42.440 Thread 0x0000020dfc6370e0 flushing nmethod 0x0000020de7c7d590
Event: 42.440 Thread 0x0000020dfc6370e0 flushing nmethod 0x0000020de7c7e090
Event: 42.441 Thread 0x0000020dfc6370e0 flushing nmethod 0x0000020de7ca2290
Event: 42.441 Thread 0x0000020dfc6370e0 flushing nmethod 0x0000020de7ca4c10
Event: 42.441 Thread 0x0000020dfc6370e0 flushing nmethod 0x0000020de7cadf90
Event: 42.441 Thread 0x0000020dfc6370e0 flushing nmethod 0x0000020de7cb4d10
Event: 43.010 loading class java/lang/invoke/BoundMethodHandle$Species_LLLLLLLL
Event: 43.011 loading class java/lang/invoke/BoundMethodHandle$Species_LLLLLLLL done
Event: 43.012 loading class java/lang/invoke/BoundMethodHandle$Species_LLLLLLLLL
Event: 43.012 loading class java/lang/invoke/BoundMethodHandle$Species_LLLLLLLLL done
Event: 43.013 loading class java/lang/invoke/LambdaFormEditor$1
Event: 43.013 loading class java/lang/invoke/LambdaFormEditor$1 done
Event: 43.013 loading class java/util/TreeMap$EntrySet
Event: 43.013 loading class java/util/TreeMap$EntrySet done
Event: 43.013 loading class java/util/TreeMap$EntryIterator
Event: 43.014 loading class java/util/TreeMap$EntryIterator done


Dynamic libraries:
0x00007ff7dbf20000 - 0x00007ff7dbf2a000 	D:\Aplikasi\Android Studio\jbr\bin\java.exe
0x00007ffd924b0000 - 0x00007ffd926c7000 	C:\Windows\SYSTEM32\ntdll.dll
0x00007ffd916a0000 - 0x00007ffd91764000 	C:\Windows\System32\KERNEL32.DLL
0x00007ffd8fb40000 - 0x00007ffd8fef9000 	C:\Windows\System32\KERNELBASE.dll
0x00007ffd8f7e0000 - 0x00007ffd8f8f1000 	C:\Windows\System32\ucrtbase.dll
0x00007ffd753a0000 - 0x00007ffd753b7000 	D:\Aplikasi\Android Studio\jbr\bin\jli.dll
0x00007ffd91110000 - 0x00007ffd912be000 	C:\Windows\System32\USER32.dll
0x00007ffd901a0000 - 0x00007ffd901c6000 	C:\Windows\System32\win32u.dll
0x00007ffd90f60000 - 0x00007ffd90f89000 	C:\Windows\System32\GDI32.dll
0x00007ffd8fa20000 - 0x00007ffd8fb3b000 	C:\Windows\System32\gdi32full.dll
0x00007ffd8f980000 - 0x00007ffd8fa1a000 	C:\Windows\System32\msvcp_win.dll
0x00007ffd70c00000 - 0x00007ffd70e92000 	C:\Windows\WinSxS\amd64_microsoft.windows.common-controls_6595b64144ccf1df_6.0.22621.4391_none_2715d37f73803e96\COMCTL32.dll
0x00007ffd923c0000 - 0x00007ffd92467000 	C:\Windows\System32\msvcrt.dll
0x00007ffd75250000 - 0x00007ffd7526b000 	D:\Aplikasi\Android Studio\jbr\bin\VCRUNTIME140.dll
0x00007ffd91560000 - 0x00007ffd91591000 	C:\Windows\System32\IMM32.DLL
0x00007ffd88fc0000 - 0x00007ffd88fcc000 	D:\Aplikasi\Android Studio\jbr\bin\vcruntime140_1.dll
0x00007ffd5e280000 - 0x00007ffd5e30d000 	D:\Aplikasi\Android Studio\jbr\bin\msvcp140.dll
0x00007ffd1e6c0000 - 0x00007ffd1f343000 	D:\Aplikasi\Android Studio\jbr\bin\server\jvm.dll
0x00007ffd90f90000 - 0x00007ffd91042000 	C:\Windows\System32\ADVAPI32.dll
0x00007ffd91800000 - 0x00007ffd918a7000 	C:\Windows\System32\sechost.dll
0x00007ffd8f7b0000 - 0x00007ffd8f7d8000 	C:\Windows\System32\bcrypt.dll
0x00007ffd91b50000 - 0x00007ffd91c64000 	C:\Windows\System32\RPCRT4.dll
0x00007ffd8e600000 - 0x00007ffd8e64d000 	C:\Windows\SYSTEM32\POWRPROF.dll
0x00007ffd70f30000 - 0x00007ffd70f39000 	C:\Windows\SYSTEM32\WSOCK32.dll
0x00007ffd91770000 - 0x00007ffd917e1000 	C:\Windows\System32\WS2_32.dll
0x00007ffd88f10000 - 0x00007ffd88f44000 	C:\Windows\SYSTEM32\WINMM.dll
0x00007ffd884d0000 - 0x00007ffd884da000 	C:\Windows\SYSTEM32\VERSION.dll
0x00007ffd8e5e0000 - 0x00007ffd8e5f3000 	C:\Windows\SYSTEM32\UMPDC.dll
0x00007ffd8e8a0000 - 0x00007ffd8e8b8000 	C:\Windows\SYSTEM32\kernel.appcore.dll
0x00007ffd88320000 - 0x00007ffd8832a000 	D:\Aplikasi\Android Studio\jbr\bin\jimage.dll
0x00007ffd8d050000 - 0x00007ffd8d282000 	C:\Windows\SYSTEM32\DBGHELP.DLL
0x00007ffd90a70000 - 0x00007ffd90dff000 	C:\Windows\System32\combase.dll
0x00007ffd912c0000 - 0x00007ffd91397000 	C:\Windows\System32\OLEAUT32.dll
0x00007ffd69a50000 - 0x00007ffd69a82000 	C:\Windows\SYSTEM32\dbgcore.DLL
0x00007ffd8f900000 - 0x00007ffd8f97b000 	C:\Windows\System32\bcryptPrimitives.dll
0x00007ffd861a0000 - 0x00007ffd861c5000 	D:\Aplikasi\Android Studio\jbr\bin\java.dll
0x00007ffd86180000 - 0x00007ffd86198000 	D:\Aplikasi\Android Studio\jbr\bin\zip.dll
0x00007ffd901d0000 - 0x00007ffd90a46000 	C:\Windows\System32\SHELL32.dll
0x00007ffd8d6b0000 - 0x00007ffd8dfb3000 	C:\Windows\SYSTEM32\windows.storage.dll
0x00007ffd8d400000 - 0x00007ffd8d53f000 	C:\Windows\SYSTEM32\wintypes.dll
0x00007ffd91c70000 - 0x00007ffd91d69000 	C:\Windows\System32\SHCORE.dll
0x00007ffd910b0000 - 0x00007ffd9110e000 	C:\Windows\System32\shlwapi.dll
0x00007ffd8f6e0000 - 0x00007ffd8f70b000 	C:\Windows\SYSTEM32\profapi.dll
0x00007ffd86160000 - 0x00007ffd86179000 	D:\Aplikasi\Android Studio\jbr\bin\net.dll
0x00007ffd8bc50000 - 0x00007ffd8bd86000 	C:\Windows\SYSTEM32\WINHTTP.dll
0x00007ffd8ed20000 - 0x00007ffd8ed89000 	C:\Windows\system32\mswsock.dll
0x00007ffd783d0000 - 0x00007ffd783e6000 	D:\Aplikasi\Android Studio\jbr\bin\nio.dll
0x00007ffd783c0000 - 0x00007ffd783d0000 	D:\Aplikasi\Android Studio\jbr\bin\verify.dll

dbghelp: loaded successfully - version: 4.0.5 - missing functions: none
symbol engine: initialized successfully - sym options: 0x614 - pdb path: .;D:\Aplikasi\Android Studio\jbr\bin;C:\Windows\SYSTEM32;C:\Windows\WinSxS\amd64_microsoft.windows.common-controls_6595b64144ccf1df_6.0.22621.4391_none_2715d37f73803e96;D:\Aplikasi\Android Studio\jbr\bin\server

VM Arguments:
java_command: org.jetbrains.kotlin.cli.jvm.K2JVMCompiler @D:\download\AppLyfestox\app\build\20241122_3961982724420545637.compiler.options
java_class_path (initial): C:\Users\Bayu Purnama Aji\.gradle\caches\modules-2\files-2.1\org.jetbrains.kotlin\kotlin-compiler-embeddable\1.9.0\2c8c3a7402becca891f12739b3e9fd2dc2adbd7a\kotlin-compiler-embeddable-1.9.0.jar;C:\Users\Bayu Purnama Aji\.gradle\caches\modules-2\files-2.1\org.jetbrains.kotlin\kotlin-stdlib\1.9.0\8ee15ef0c67dc83d874f412d84378d7f0eb50b63\kotlin-stdlib-1.9.0.jar;C:\Users\Bayu Purnama Aji\.gradle\caches\modules-2\files-2.1\org.jetbrains.kotlin\kotlin-script-runtime\1.9.0\4b3102cbbb7e1b58d9d1adf89563f00069ffa7d1\kotlin-script-runtime-1.9.0.jar;C:\Users\Bayu Purnama Aji\.gradle\caches\modules-2\files-2.1\org.jetbrains.kotlin\kotlin-reflect\1.6.10\1cbe9c92c12a94eea200d23c2bbaedaf3daf5132\kotlin-reflect-1.6.10.jar;C:\Users\Bayu Purnama Aji\.gradle\caches\modules-2\files-2.1\org.jetbrains.kotlin\kotlin-daemon-embeddable\1.9.0\186543f5e28cf8d9a0290fecc2cf34301c40a65c\kotlin-daemon-embeddable-1.9.0.jar;C:\Users\Bayu Purnama Aji\.gradle\caches\modules-2\files-2.1\org.jetbrains.intellij.deps\trove4j\1.0.20200330\3afb14d5f9ceb459d724e907a21145e8ff394f02\trove4j-1.0.20200330.jar;C:\Users\Bayu Purnama Aji\.gradle\caches\modules-2\files-2.1\org.jetbrains.kotlin\kotlin-stdlib-common\1.9.0\cd65c21cfd1eec4d44ef09f9f52b6d9f8a720636\kotlin-stdlib-common-1.9.0.jar;C:\Users\Bayu Purnama Aji\.gradle\caches\modules-2\files-2.1\org.jetbrains\annotations\13.0\919f0dfe192fb4e063e7dacadee7f8bb9a2672a9\annotations-13.0.jar
Launcher Type: SUN_STANDARD

[Global flags]
     intx CICompilerCount                          = 4                                         {product} {ergonomic}
     uint ConcGCThreads                            = 2                                         {product} {ergonomic}
     uint G1ConcRefinementThreads                  = 8                                         {product} {ergonomic}
   size_t G1HeapRegionSize                         = 1048576                                   {product} {ergonomic}
    uintx GCDrainStackTargetSize                   = 64                                        {product} {ergonomic}
   size_t InitialHeapSize                          = 132120576                                 {product} {ergonomic}
   size_t MarkStackSize                            = 4194304                                   {product} {ergonomic}
   size_t MaxHeapSize                              = 2105540608                                {product} {ergonomic}
   size_t MaxNewSize                               = 1262485504                                {product} {ergonomic}
   size_t MinHeapDeltaBytes                        = 1048576                                   {product} {ergonomic}
   size_t MinHeapSize                              = 8388608                                   {product} {ergonomic}
    uintx NonNMethodCodeHeapSize                   = 5839372                                {pd product} {ergonomic}
    uintx NonProfiledCodeHeapSize                  = 122909434                              {pd product} {ergonomic}
    uintx ProfiledCodeHeapSize                     = 122909434                              {pd product} {ergonomic}
    uintx ReservedCodeCacheSize                    = 251658240                              {pd product} {ergonomic}
     bool SegmentedCodeCache                       = true                                      {product} {ergonomic}
   size_t SoftMaxHeapSize                          = 2105540608                             {manageable} {ergonomic}
     bool UseCompressedClassPointers               = true                           {product lp64_product} {ergonomic}
     bool UseCompressedOops                        = true                           {product lp64_product} {ergonomic}
     bool UseG1GC                                  = true                                      {product} {ergonomic}
     bool UseLargePagesIndividualAllocation        = false                                  {pd product} {ergonomic}

Logging:
Log output configuration:
 #0: stdout all=warning uptime,level,tags
 #1: stderr all=off uptime,level,tags

Environment Variables:
PATH=C:\Program Files\Common Files\Oracle\Java\javapath;C:\Windows\system32;C:\Windows;C:\Windows\System32\Wbem;C:\Windows\System32\WindowsPowerShell\v1.0\;C:\Windows\System32\OpenSSH\;C:\Program Files\Intel\WiFi\bin\;C:\Program Files\Common Files\Intel\WirelessCommon\;C:\Program Files\Git\cmd;C:\Program Files\nodejs\;C:\xampp\php;C:\composer;C:\Users\Bayu Purnama Aji\AppData\Local\Programs\Python\Python311\Scripts\;C:\Users\Bayu Purnama Aji\AppData\Local\Programs\Python\Python311\;C:\Users\Bayu Purnama Aji\AppData\Local\Microsoft\WindowsApps;;C:\Users\Bayu Purnama Aji\AppData\Local\Programs\Microsoft VS Code\bin;C:\Users\Bayu Purnama Aji\AppData\Roaming\npm;C:\Users\Bayu Purnama Aji\AppData\Roaming\Composer\vendor\bin;D:\Aplikasi\IntelliJ IDEA 2024.2.1\bin;
USERNAME=Bayu Purnama Aji
OS=Windows_NT
PROCESSOR_IDENTIFIER=Intel64 Family 6 Model 142 Stepping 10, GenuineIntel
TMP=C:\Users\BAYUPU~1\AppData\Local\Temp
TEMP=C:\Users\BAYUPU~1\AppData\Local\Temp



Periodic native trim disabled

JNI global refs:
JNI global refs: 12, weak refs: 12

JNI global refs memory usage: 843, weak refs: 841

Process memory usage:
Resident Set Size: 422784K (5% of 8223716K total physical memory with 786104K free physical memory)

OOME stack traces (most recent first):
Classloader memory used:
Loader jdk.internal.loader.ClassLoaders$AppClassLoader                                 : 7565K
Loader bootstrap                                                                       : 1393K
Loader java.net.URLClassLoader                                                         : 299K
Loader jdk.internal.reflect.DelegatingClassLoader                                      : 21047B


---------------  S Y S T E M  ---------------

OS:
 Windows 11 , 64 bit Build 22621 (10.0.22621.4391)
OS uptime: 0 days 22:18 hours
Hyper-V role detected

CPU: total 8 (initial active 8) (4 cores per cpu, 2 threads per core) family 6 model 142 stepping 10 microcode 0xf0, cx8, cmov, fxsr, ht, mmx, 3dnowpref, sse, sse2, sse3, ssse3, sse4.1, sse4.2, popcnt, lzcnt, tsc, tscinvbit, avx, avx2, aes, erms, clmul, bmi1, bmi2, rtm, adx, fma, vzeroupper, clflush, clflushopt, hv
Processor Information for processor 0
  Max Mhz: 1896, Current Mhz: 1496, Mhz Limit: 1687
Processor Information for processor 1
  Max Mhz: 1896, Current Mhz: 1696, Mhz Limit: 1687
Processor Information for processor 2
  Max Mhz: 1896, Current Mhz: 1696, Mhz Limit: 1687
Processor Information for processor 3
  Max Mhz: 1896, Current Mhz: 1696, Mhz Limit: 1687
Processor Information for processor 4
  Max Mhz: 1896, Current Mhz: 1496, Mhz Limit: 1687
Processor Information for processor 5
  Max Mhz: 1896, Current Mhz: 1496, Mhz Limit: 1687
Processor Information for processor 6
  Max Mhz: 1896, Current Mhz: 1696, Mhz Limit: 1687
Processor Information for processor 7
  Max Mhz: 1896, Current Mhz: 1696, Mhz Limit: 1687

Memory: 4k page, system-wide physical 8030M (767M free)
TotalPageFile size 15952M (AvailPageFile size 7M)
current process WorkingSet (physical memory assigned to process): 414M, peak: 416M
current process commit charge ("private bytes"): 601M, peak: 604M

vm_info: OpenJDK 64-Bit Server VM (17.0.11+0--11852314) for windows-amd64 JRE (17.0.11+0--11852314), built on May 16 2024 21:29:20 by "androidbuild" with MS VC++ 16.10 / 16.11 (VS2019)

END.
