#
# There is insufficient memory for the Java Runtime Environment to continue.
# Native memory allocation (mmap) failed to map 141557760 bytes. Error detail: G1 virtual space
# Possible reasons:
#   The system is out of physical RAM or swap space
#   This process is running with CompressedOops enabled, and the Java Heap may be blocking the growth of the native heap
# Possible solutions:
#   Reduce memory load on the system
#   Increase physical memory or swap space
#   Check if swap backing store is full
#   Decrease Java heap size (-Xmx/-Xms)
#   Decrease number of Java threads
#   Decrease Java thread stack sizes (-Xss)
#   Set larger code cache with -XX:ReservedCodeCacheSize=
#   JVM is running with Unscaled Compressed Oops mode in which the Java heap is
#     placed in the first 4GB address space. The Java Heap base address is the
#     maximum limit for the native heap growth. Please use -XX:HeapBaseMinAddress
#     to set the Java Heap base and to place the Java Heap above 4GB virtual address.
# This output file may be truncated or incomplete.
#
#  Out of Memory Error (os_windows.cpp:3825), pid=10392, tid=10436
#
# JRE version: OpenJDK Runtime Environment (17.0.11) (build 17.0.11+0--11852314)
# Java VM: OpenJDK 64-Bit Server VM (17.0.11+0--11852314, mixed mode, tiered, compressed oops, compressed class ptrs, g1 gc, windows-amd64)
# No core dump will be written. Minidumps are not enabled by default on client versions of Windows
#

---------------  S U M M A R Y ------------

Command Line: org.jetbrains.kotlin.cli.jvm.K2JVMCompiler @D:\download\AppLyfestox\app\build\20241122_2159117289138323275.compiler.options

Host: Intel(R) Core(TM) i5-8350U CPU @ 1.70GHz, 8 cores, 7G,  Windows 11 , 64 bit Build 22621 (10.0.22621.4391)
Time: Fri Nov 22 11:24:52 2024 Malay Peninsula Standard Time elapsed time: 49.168980 seconds (0d 0h 0m 49s)

---------------  T H R E A D  ---------------

Current thread (0x000002506b24e940):  VMThread "VM Thread" [stack: 0x00000050e8300000,0x00000050e8400000] [id=10436]

Stack: [0x00000050e8300000,0x00000050e8400000]
Native frames: (J=compiled Java code, j=interpreted, Vv=VM code, C=native code)
V  [jvm.dll+0x687bb9]
V  [jvm.dll+0x84142a]
V  [jvm.dll+0x8430ae]
V  [jvm.dll+0x843713]
V  [jvm.dll+0x24a35f]
V  [jvm.dll+0x684989]
V  [jvm.dll+0x67923a]
V  [jvm.dll+0x30af0b]
V  [jvm.dll+0x3123b6]
V  [jvm.dll+0x361dfe]
V  [jvm.dll+0x36202f]
V  [jvm.dll+0x2e0d38]
V  [jvm.dll+0x2df144]
V  [jvm.dll+0x2de74c]
V  [jvm.dll+0x32305b]
V  [jvm.dll+0x847e0b]
V  [jvm.dll+0x848b42]
V  [jvm.dll+0x84905d]
V  [jvm.dll+0x849434]
V  [jvm.dll+0x849500]
V  [jvm.dll+0x7efa4a]
V  [jvm.dll+0x686a35]
C  [ucrtbase.dll+0x29333]
C  [KERNEL32.DLL+0x1259d]
C  [ntdll.dll+0x5af38]

VM_Operation (0x00000050e7df8720): G1CollectForAllocation, mode: safepoint, requested by thread 0x0000025051549230


---------------  P R O C E S S  ---------------

Threads class SMR info:
_java_thread_list=0x0000025073964fe0, length=14, elements={
0x0000025051549230, 0x000002506b252580, 0x000002506b253400, 0x000002506b3c96d0,
0x000002506b3cb2a0, 0x000002506b3cbe60, 0x000002506b3ce830, 0x000002506b3cf5d0,
0x000002506b3cff90, 0x000002506b3f1950, 0x000002506b547e90, 0x000002506b552a40,
0x000002507368cfd0, 0x000002507368ea60
}

Java Threads: ( => current thread )
  0x0000025051549230 JavaThread "main" [_thread_blocked, id=15644, stack(0x00000050e7d00000,0x00000050e7e00000)]
  0x000002506b252580 JavaThread "Reference Handler" daemon [_thread_blocked, id=16940, stack(0x00000050e8400000,0x00000050e8500000)]
  0x000002506b253400 JavaThread "Finalizer" daemon [_thread_blocked, id=17108, stack(0x00000050e8500000,0x00000050e8600000)]
  0x000002506b3c96d0 JavaThread "Signal Dispatcher" daemon [_thread_blocked, id=3840, stack(0x00000050e8600000,0x00000050e8700000)]
  0x000002506b3cb2a0 JavaThread "Attach Listener" daemon [_thread_blocked, id=12908, stack(0x00000050e8700000,0x00000050e8800000)]
  0x000002506b3cbe60 JavaThread "Service Thread" daemon [_thread_blocked, id=4400, stack(0x00000050e8800000,0x00000050e8900000)]
  0x000002506b3ce830 JavaThread "Monitor Deflation Thread" daemon [_thread_blocked, id=17264, stack(0x00000050e8900000,0x00000050e8a00000)]
  0x000002506b3cf5d0 JavaThread "C2 CompilerThread0" daemon [_thread_blocked, id=17316, stack(0x00000050e8a00000,0x00000050e8b00000)]
  0x000002506b3cff90 JavaThread "C1 CompilerThread0" daemon [_thread_blocked, id=1656, stack(0x00000050e8b00000,0x00000050e8c00000)]
  0x000002506b3f1950 JavaThread "Sweeper thread" daemon [_thread_blocked, id=5328, stack(0x00000050e8c00000,0x00000050e8d00000)]
  0x000002506b547e90 JavaThread "Notification Thread" daemon [_thread_blocked, id=304, stack(0x00000050e8d00000,0x00000050e8e00000)]
  0x000002506b552a40 JavaThread "Common-Cleaner" daemon [_thread_blocked, id=3052, stack(0x00000050e8f00000,0x00000050e9000000)]
  0x000002507368cfd0 JavaThread "C2 CompilerThread1" daemon [_thread_blocked, id=5168, stack(0x00000050e9800000,0x00000050e9900000)]
  0x000002507368ea60 JavaThread "C2 CompilerThread2" daemon [_thread_blocked, id=14220, stack(0x00000050e9900000,0x00000050e9a00000)]

Other Threads:
=>0x000002506b24e940 VMThread "VM Thread" [stack: 0x00000050e8300000,0x00000050e8400000] [id=10436]
  0x000002506b54a380 WatcherThread [stack: 0x00000050e8e00000,0x00000050e8f00000] [id=2052]
  0x00000250515a5fe0 GCTaskThread "GC Thread#0" [stack: 0x00000050e7e00000,0x00000050e7f00000] [id=4124]
  0x00000250703afe90 GCTaskThread "GC Thread#1" [stack: 0x00000050e9000000,0x00000050e9100000] [id=6928]
  0x00000250703dc7a0 GCTaskThread "GC Thread#2" [stack: 0x00000050e9100000,0x00000050e9200000] [id=8868]
  0x00000250703d4190 GCTaskThread "GC Thread#3" [stack: 0x00000050e9200000,0x00000050e9300000] [id=10184]
  0x00000250703d4450 GCTaskThread "GC Thread#4" [stack: 0x00000050e9300000,0x00000050e9400000] [id=13696]
  0x0000025070ac28c0 GCTaskThread "GC Thread#5" [stack: 0x00000050e9400000,0x00000050e9500000] [id=2776]
  0x000002507092e440 GCTaskThread "GC Thread#6" [stack: 0x00000050e9500000,0x00000050e9600000] [id=16564]
  0x0000025070a0b070 GCTaskThread "GC Thread#7" [stack: 0x00000050e9600000,0x00000050e9700000] [id=16072]
  0x00000250515b6a30 ConcurrentGCThread "G1 Main Marker" [stack: 0x00000050e7f00000,0x00000050e8000000] [id=15676]
  0x00000250515b7bf0 ConcurrentGCThread "G1 Conc#0" [stack: 0x00000050e8000000,0x00000050e8100000] [id=9388]
  0x00000250709e2430 ConcurrentGCThread "G1 Conc#1" [stack: 0x00000050e9700000,0x00000050e9800000] [id=14580]
  0x00000250515fe6b0 ConcurrentGCThread "G1 Refine#0" [stack: 0x00000050e8100000,0x00000050e8200000] [id=2452]
  0x00000250739282a0 ConcurrentGCThread "G1 Refine#1" [stack: 0x00000050e9a00000,0x00000050e9b00000] [id=14188]
  0x0000025073927cc0 ConcurrentGCThread "G1 Refine#2" [stack: 0x00000050e9b00000,0x00000050e9c00000] [id=14476]
  0x0000025073dbd6e0 ConcurrentGCThread "G1 Refine#3" [stack: 0x00000050e9c00000,0x00000050e9d00000] [id=9544]
  0x000002506b0a4240 ConcurrentGCThread "G1 Service" [stack: 0x00000050e8200000,0x00000050e8300000] [id=16692]

Threads with active compile tasks:
C1 CompilerThread0    49230 17414       3       org.jetbrains.kotlin.backend.jvm.lower.JvmMultiFieldValueClassLowering::visitContainerExpression (126 bytes)
C2 CompilerThread1    49230 17367       4       org.jetbrains.kotlin.ir.declarations.IrFunction::transformChildren (99 bytes)
C2 CompilerThread2    49230 17413       4       org.jetbrains.kotlin.backend.jvm.MfvcNodeKt::needsMfvcFlattening (147 bytes)

VM state: at safepoint (normal execution)

VM Mutex/Monitor currently owned by a thread:  ([mutex/lock_event])
[0x0000025051544d70] Threads_lock - owner thread: 0x000002506b24e940
[0x00000250515447d0] Heap_lock - owner thread: 0x0000025051549230

Heap address: 0x0000000082800000, size: 2008 MB, Compressed Oops mode: 32-bit

CDS archive(s) not mapped
Compressed class space mapped at: 0x0000000100000000-0x0000000140000000, reserved size: 1073741824
Narrow klass base: 0x0000000000000000, Narrow klass shift: 3, Narrow klass range: 0x140000000

GC Precious Log:
 CPUs: 8 total, 8 available
 Memory: 8030M
 Large Page Support: Disabled
 NUMA Support: Disabled
 Compressed Oops: Enabled (32-bit)
 Heap Region Size: 1M
 Heap Min Capacity: 8M
 Heap Initial Capacity: 126M
 Heap Max Capacity: 2008M
 Pre-touch: Disabled
 Parallel Workers: 8
 Concurrent Workers: 2
 Concurrent Refinement Workers: 8
 Periodic GC: Disabled

Heap:
 garbage-first heap   total 188416K, used 119211K [0x0000000082800000, 0x0000000100000000)
  region size 1024K, 6 young (6144K), 6 survivors (6144K)
 Metaspace       used 84260K, committed 84672K, reserved 1179648K
  class space    used 9133K, committed 9344K, reserved 1048576K

Heap Regions: E=young(eden), S=young(survivor), O=old, HS=humongous(starts), HC=humongous(continues), CS=collection set, F=free, OA=open archive, CA=closed archive, TAMS=top-at-mark-start (previous, next)
|   0|0x0000000082800000, 0x0000000082900000, 0x0000000082900000|100%|HS|  |TAMS 0x0000000082900000, 0x0000000082800000| Complete 
|   1|0x0000000082900000, 0x0000000082a00000, 0x0000000082a00000|100%|HC|  |TAMS 0x0000000082a00000, 0x0000000082900000| Complete 
|   2|0x0000000082a00000, 0x0000000082b00000, 0x0000000082b00000|100%|HC|  |TAMS 0x0000000082b00000, 0x0000000082a00000| Complete 
|   3|0x0000000082b00000, 0x0000000082c00000, 0x0000000082c00000|100%|HC|  |TAMS 0x0000000082c00000, 0x0000000082b00000| Complete 
|   4|0x0000000082c00000, 0x0000000082d00000, 0x0000000082d00000|100%| O|  |TAMS 0x0000000082d00000, 0x0000000082c00000| Untracked 
|   5|0x0000000082d00000, 0x0000000082e00000, 0x0000000082e00000|100%| O|  |TAMS 0x0000000082e00000, 0x0000000082d00000| Untracked 
|   6|0x0000000082e00000, 0x0000000082f00000, 0x0000000082f00000|100%| O|  |TAMS 0x0000000082f00000, 0x0000000082e00000| Untracked 
|   7|0x0000000082f00000, 0x0000000083000000, 0x0000000083000000|100%| O|  |TAMS 0x0000000083000000, 0x0000000082f00000| Untracked 
|   8|0x0000000083000000, 0x0000000083100000, 0x0000000083100000|100%| O|  |TAMS 0x0000000083000000, 0x0000000083000000| Untracked 
|   9|0x0000000083100000, 0x0000000083200000, 0x0000000083200000|100%| O|  |TAMS 0x0000000083200000, 0x0000000083100000| Untracked 
|  10|0x0000000083200000, 0x0000000083300000, 0x0000000083300000|100%| O|  |TAMS 0x0000000083300000, 0x0000000083200000| Untracked 
|  11|0x0000000083300000, 0x0000000083400000, 0x0000000083400000|100%| O|  |TAMS 0x0000000083400000, 0x0000000083300000| Untracked 
|  12|0x0000000083400000, 0x0000000083500000, 0x0000000083500000|100%| O|  |TAMS 0x0000000083500000, 0x0000000083400000| Untracked 
|  13|0x0000000083500000, 0x0000000083600000, 0x0000000083600000|100%| O|  |TAMS 0x0000000083600000, 0x0000000083500000| Untracked 
|  14|0x0000000083600000, 0x0000000083700000, 0x0000000083700000|100%| O|  |TAMS 0x0000000083700000, 0x0000000083600000| Untracked 
|  15|0x0000000083700000, 0x0000000083800000, 0x0000000083800000|100%| O|  |TAMS 0x0000000083800000, 0x0000000083700000| Untracked 
|  16|0x0000000083800000, 0x0000000083900000, 0x0000000083900000|100%| O|  |TAMS 0x0000000083900000, 0x0000000083800000| Untracked 
|  17|0x0000000083900000, 0x0000000083a00000, 0x0000000083a00000|100%| O|  |TAMS 0x0000000083a00000, 0x0000000083900000| Untracked 
|  18|0x0000000083a00000, 0x0000000083b00000, 0x0000000083b00000|100%| O|  |TAMS 0x0000000083b00000, 0x0000000083a00000| Untracked 
|  19|0x0000000083b00000, 0x0000000083c00000, 0x0000000083c00000|100%| O|  |TAMS 0x0000000083c00000, 0x0000000083b00000| Untracked 
|  20|0x0000000083c00000, 0x0000000083d00000, 0x0000000083d00000|100%| O|  |TAMS 0x0000000083d00000, 0x0000000083c00000| Untracked 
|  21|0x0000000083d00000, 0x0000000083e00000, 0x0000000083e00000|100%| O|  |TAMS 0x0000000083e00000, 0x0000000083d00000| Untracked 
|  22|0x0000000083e00000, 0x0000000083f00000, 0x0000000083f00000|100%| O|  |TAMS 0x0000000083f00000, 0x0000000083e00000| Untracked 
|  23|0x0000000083f00000, 0x0000000084000000, 0x0000000084000000|100%| O|  |TAMS 0x0000000084000000, 0x0000000083f00000| Untracked 
|  24|0x0000000084000000, 0x0000000084100000, 0x0000000084100000|100%| O|  |TAMS 0x0000000084100000, 0x0000000084000000| Untracked 
|  25|0x0000000084100000, 0x0000000084200000, 0x0000000084200000|100%| O|  |TAMS 0x0000000084200000, 0x0000000084100000| Untracked 
|  26|0x0000000084200000, 0x0000000084300000, 0x0000000084300000|100%| O|  |TAMS 0x0000000084300000, 0x0000000084200000| Untracked 
|  27|0x0000000084300000, 0x0000000084400000, 0x0000000084400000|100%|HS|  |TAMS 0x0000000084400000, 0x0000000084300000| Complete 
|  28|0x0000000084400000, 0x0000000084500000, 0x0000000084500000|100%|HC|  |TAMS 0x0000000084500000, 0x0000000084400000| Complete 
|  29|0x0000000084500000, 0x0000000084600000, 0x0000000084600000|100%| O|  |TAMS 0x0000000084600000, 0x0000000084500000| Untracked 
|  30|0x0000000084600000, 0x0000000084700000, 0x0000000084700000|100%| O|  |TAMS 0x0000000084700000, 0x0000000084600000| Untracked 
|  31|0x0000000084700000, 0x0000000084800000, 0x0000000084800000|100%| O|  |TAMS 0x0000000084800000, 0x0000000084700000| Untracked 
|  32|0x0000000084800000, 0x0000000084900000, 0x0000000084900000|100%| O|  |TAMS 0x0000000084900000, 0x0000000084800000| Untracked 
|  33|0x0000000084900000, 0x0000000084a00000, 0x0000000084a00000|100%| O|  |TAMS 0x0000000084a00000, 0x0000000084900000| Untracked 
|  34|0x0000000084a00000, 0x0000000084b00000, 0x0000000084b00000|100%| O|  |TAMS 0x0000000084b00000, 0x0000000084a00000| Untracked 
|  35|0x0000000084b00000, 0x0000000084c00000, 0x0000000084c00000|100%| O|  |TAMS 0x0000000084c00000, 0x0000000084b00000| Untracked 
|  36|0x0000000084c00000, 0x0000000084d00000, 0x0000000084d00000|100%| O|  |TAMS 0x0000000084d00000, 0x0000000084c00000| Untracked 
|  37|0x0000000084d00000, 0x0000000084e00000, 0x0000000084e00000|100%| O|  |TAMS 0x0000000084e00000, 0x0000000084d00000| Untracked 
|  38|0x0000000084e00000, 0x0000000084f00000, 0x0000000084f00000|100%| O|  |TAMS 0x0000000084f00000, 0x0000000084e00000| Untracked 
|  39|0x0000000084f00000, 0x0000000085000000, 0x0000000085000000|100%| O|  |TAMS 0x0000000085000000, 0x0000000084f00000| Untracked 
|  40|0x0000000085000000, 0x0000000085100000, 0x0000000085100000|100%| O|  |TAMS 0x0000000085100000, 0x0000000085000000| Untracked 
|  41|0x0000000085100000, 0x0000000085200000, 0x0000000085200000|100%| O|  |TAMS 0x0000000085200000, 0x0000000085100000| Untracked 
|  42|0x0000000085200000, 0x0000000085300000, 0x0000000085300000|100%| O|  |TAMS 0x0000000085300000, 0x0000000085200000| Untracked 
|  43|0x0000000085300000, 0x0000000085400000, 0x0000000085400000|100%| O|  |TAMS 0x0000000085400000, 0x0000000085300000| Untracked 
|  44|0x0000000085400000, 0x0000000085500000, 0x0000000085500000|100%| O|  |TAMS 0x0000000085500000, 0x0000000085400000| Untracked 
|  45|0x0000000085500000, 0x0000000085600000, 0x0000000085600000|100%| O|  |TAMS 0x0000000085600000, 0x0000000085500000| Untracked 
|  46|0x0000000085600000, 0x0000000085700000, 0x0000000085700000|100%| O|  |TAMS 0x0000000085700000, 0x0000000085600000| Untracked 
|  47|0x0000000085700000, 0x0000000085800000, 0x0000000085800000|100%| O|  |TAMS 0x0000000085800000, 0x0000000085700000| Untracked 
|  48|0x0000000085800000, 0x0000000085900000, 0x0000000085900000|100%| O|  |TAMS 0x00000000858d0400, 0x0000000085800000| Untracked 
|  49|0x0000000085900000, 0x0000000085a00000, 0x0000000085a00000|100%| O|  |TAMS 0x0000000085900000, 0x0000000085900000| Untracked 
|  50|0x0000000085a00000, 0x0000000085b00000, 0x0000000085b00000|100%| O|  |TAMS 0x0000000085a00000, 0x0000000085a00000| Untracked 
|  51|0x0000000085b00000, 0x0000000085c00000, 0x0000000085c00000|100%| O|  |TAMS 0x0000000085b00000, 0x0000000085b00000| Untracked 
|  52|0x0000000085c00000, 0x0000000085d00000, 0x0000000085d00000|100%| O|  |TAMS 0x0000000085c00000, 0x0000000085c00000| Untracked 
|  53|0x0000000085d00000, 0x0000000085e00000, 0x0000000085e00000|100%| O|  |TAMS 0x0000000085d00000, 0x0000000085d00000| Untracked 
|  54|0x0000000085e00000, 0x0000000085f00000, 0x0000000085f00000|100%| O|  |TAMS 0x0000000085e00000, 0x0000000085e00000| Untracked 
|  55|0x0000000085f00000, 0x0000000086000000, 0x0000000086000000|100%| O|  |TAMS 0x0000000085f00000, 0x0000000085f00000| Untracked 
|  56|0x0000000086000000, 0x0000000086100000, 0x0000000086100000|100%| O|  |TAMS 0x0000000086000000, 0x0000000086000000| Untracked 
|  57|0x0000000086100000, 0x0000000086200000, 0x0000000086200000|100%| O|  |TAMS 0x0000000086100000, 0x0000000086100000| Untracked 
|  58|0x0000000086200000, 0x0000000086300000, 0x0000000086300000|100%| O|  |TAMS 0x0000000086200000, 0x0000000086200000| Untracked 
|  59|0x0000000086300000, 0x0000000086400000, 0x0000000086400000|100%| O|  |TAMS 0x0000000086300000, 0x0000000086300000| Untracked 
|  60|0x0000000086400000, 0x0000000086500000, 0x0000000086500000|100%| O|  |TAMS 0x0000000086400000, 0x0000000086400000| Untracked 
|  61|0x0000000086500000, 0x0000000086600000, 0x0000000086600000|100%| O|  |TAMS 0x0000000086500000, 0x0000000086500000| Untracked 
|  62|0x0000000086600000, 0x0000000086700000, 0x0000000086700000|100%|HS|  |TAMS 0x0000000086600000, 0x0000000086600000| Complete 
|  63|0x0000000086700000, 0x0000000086800000, 0x0000000086800000|100%|HC|  |TAMS 0x0000000086700000, 0x0000000086700000| Complete 
|  64|0x0000000086800000, 0x0000000086900000, 0x0000000086900000|100%| O|  |TAMS 0x0000000086800000, 0x0000000086800000| Untracked 
|  65|0x0000000086900000, 0x0000000086a00000, 0x0000000086a00000|100%| O|  |TAMS 0x0000000086900000, 0x0000000086900000| Untracked 
|  66|0x0000000086a00000, 0x0000000086b00000, 0x0000000086b00000|100%| O|  |TAMS 0x0000000086a00000, 0x0000000086a00000| Untracked 
|  67|0x0000000086b00000, 0x0000000086c00000, 0x0000000086c00000|100%| O|  |TAMS 0x0000000086b00000, 0x0000000086b00000| Untracked 
|  68|0x0000000086c00000, 0x0000000086d00000, 0x0000000086d00000|100%| O|  |TAMS 0x0000000086c00000, 0x0000000086c00000| Untracked 
|  69|0x0000000086d00000, 0x0000000086e00000, 0x0000000086e00000|100%| O|  |TAMS 0x0000000086d00000, 0x0000000086d00000| Untracked 
|  70|0x0000000086e00000, 0x0000000086f00000, 0x0000000086f00000|100%|HS|  |TAMS 0x0000000086e00000, 0x0000000086e00000| Complete 
|  71|0x0000000086f00000, 0x0000000087000000, 0x0000000087000000|100%|HC|  |TAMS 0x0000000086f00000, 0x0000000086f00000| Complete 
|  72|0x0000000087000000, 0x0000000087100000, 0x0000000087100000|100%| O|  |TAMS 0x0000000087000000, 0x0000000087000000| Untracked 
|  73|0x0000000087100000, 0x0000000087200000, 0x0000000087200000|100%| O|  |TAMS 0x0000000087100000, 0x0000000087100000| Untracked 
|  74|0x0000000087200000, 0x0000000087300000, 0x0000000087300000|100%| O|  |TAMS 0x0000000087200000, 0x0000000087200000| Untracked 
|  75|0x0000000087300000, 0x0000000087400000, 0x0000000087400000|100%| O|  |TAMS 0x0000000087300000, 0x0000000087300000| Untracked 
|  76|0x0000000087400000, 0x0000000087500000, 0x0000000087500000|100%| O|  |TAMS 0x0000000087400000, 0x0000000087400000| Untracked 
|  77|0x0000000087500000, 0x0000000087600000, 0x0000000087600000|100%| O|  |TAMS 0x0000000087500000, 0x0000000087500000| Untracked 
|  78|0x0000000087600000, 0x0000000087700000, 0x0000000087700000|100%| O|  |TAMS 0x0000000087600000, 0x0000000087600000| Untracked 
|  79|0x0000000087700000, 0x0000000087800000, 0x0000000087800000|100%| O|  |TAMS 0x0000000087700000, 0x0000000087700000| Untracked 
|  80|0x0000000087800000, 0x0000000087900000, 0x0000000087900000|100%| O|  |TAMS 0x0000000087800000, 0x0000000087800000| Untracked 
|  81|0x0000000087900000, 0x0000000087a00000, 0x0000000087a00000|100%| O|  |TAMS 0x0000000087900000, 0x0000000087900000| Untracked 
|  82|0x0000000087a00000, 0x0000000087b00000, 0x0000000087b00000|100%| O|  |TAMS 0x0000000087a00000, 0x0000000087a00000| Untracked 
|  83|0x0000000087b00000, 0x0000000087c00000, 0x0000000087c00000|100%| O|  |TAMS 0x0000000087b00000, 0x0000000087b00000| Untracked 
|  84|0x0000000087c00000, 0x0000000087d00000, 0x0000000087d00000|100%| O|  |TAMS 0x0000000087c00000, 0x0000000087c00000| Untracked 
|  85|0x0000000087d00000, 0x0000000087e00000, 0x0000000087e00000|100%| O|  |TAMS 0x0000000087d00000, 0x0000000087d00000| Untracked 
|  86|0x0000000087e00000, 0x0000000087f00000, 0x0000000087f00000|100%| O|  |TAMS 0x0000000087e00000, 0x0000000087e00000| Untracked 
|  87|0x0000000087f00000, 0x0000000088000000, 0x0000000088000000|100%| O|  |TAMS 0x0000000087f00000, 0x0000000087f00000| Untracked 
|  88|0x0000000088000000, 0x0000000088100000, 0x0000000088100000|100%| O|  |TAMS 0x0000000088000000, 0x0000000088000000| Untracked 
|  89|0x0000000088100000, 0x0000000088200000, 0x0000000088200000|100%| O|  |TAMS 0x0000000088100000, 0x0000000088100000| Untracked 
|  90|0x0000000088200000, 0x0000000088300000, 0x0000000088300000|100%| O|  |TAMS 0x0000000088200000, 0x0000000088200000| Untracked 
|  91|0x0000000088300000, 0x0000000088400000, 0x0000000088400000|100%| O|  |TAMS 0x0000000088300000, 0x0000000088300000| Untracked 
|  92|0x0000000088400000, 0x0000000088500000, 0x0000000088500000|100%| O|  |TAMS 0x0000000088400000, 0x0000000088400000| Untracked 
|  93|0x0000000088500000, 0x0000000088600000, 0x0000000088600000|100%| O|  |TAMS 0x0000000088500000, 0x0000000088500000| Untracked 
|  94|0x0000000088600000, 0x0000000088700000, 0x0000000088700000|100%| O|  |TAMS 0x0000000088600000, 0x0000000088600000| Untracked 
|  95|0x0000000088700000, 0x0000000088800000, 0x0000000088800000|100%| O|  |TAMS 0x0000000088700000, 0x0000000088700000| Untracked 
|  96|0x0000000088800000, 0x0000000088900000, 0x0000000088900000|100%| O|  |TAMS 0x0000000088800000, 0x0000000088800000| Untracked 
|  97|0x0000000088900000, 0x0000000088a00000, 0x0000000088a00000|100%| O|  |TAMS 0x0000000088900000, 0x0000000088900000| Untracked 
|  98|0x0000000088a00000, 0x0000000088b00000, 0x0000000088b00000|100%| O|  |TAMS 0x0000000088a00000, 0x0000000088a00000| Untracked 
|  99|0x0000000088b00000, 0x0000000088c00000, 0x0000000088c00000|100%| O|  |TAMS 0x0000000088b00000, 0x0000000088b00000| Untracked 
| 100|0x0000000088c00000, 0x0000000088d00000, 0x0000000088d00000|100%| O|  |TAMS 0x0000000088c00000, 0x0000000088c00000| Untracked 
| 101|0x0000000088d00000, 0x0000000088e00000, 0x0000000088e00000|100%| O|  |TAMS 0x0000000088d00000, 0x0000000088d00000| Untracked 
| 102|0x0000000088e00000, 0x0000000088f00000, 0x0000000088f00000|100%| O|  |TAMS 0x0000000088e00000, 0x0000000088e00000| Untracked 
| 103|0x0000000088f00000, 0x0000000089000000, 0x0000000089000000|100%| O|  |TAMS 0x0000000088f00000, 0x0000000088f00000| Untracked 
| 104|0x0000000089000000, 0x0000000089100000, 0x0000000089100000|100%| O|  |TAMS 0x0000000089000000, 0x0000000089000000| Untracked 
| 105|0x0000000089100000, 0x0000000089200000, 0x0000000089200000|100%| O|  |TAMS 0x0000000089100000, 0x0000000089100000| Untracked 
| 106|0x0000000089200000, 0x0000000089300000, 0x0000000089300000|100%| O|  |TAMS 0x0000000089200000, 0x0000000089200000| Untracked 
| 107|0x0000000089300000, 0x0000000089400000, 0x0000000089400000|100%| O|  |TAMS 0x0000000089300000, 0x0000000089300000| Untracked 
| 108|0x0000000089400000, 0x0000000089500000, 0x0000000089500000|100%| O|  |TAMS 0x0000000089400000, 0x0000000089400000| Untracked 
| 109|0x0000000089500000, 0x0000000089600000, 0x0000000089600000|100%| O|  |TAMS 0x0000000089500000, 0x0000000089500000| Untracked 
| 110|0x0000000089600000, 0x000000008966ac00, 0x0000000089700000| 41%| O|  |TAMS 0x0000000089600000, 0x0000000089600000| Untracked 
| 111|0x0000000089700000, 0x0000000089700000, 0x0000000089800000|  0%| F|  |TAMS 0x0000000089700000, 0x0000000089700000| Untracked 
| 112|0x0000000089800000, 0x0000000089800000, 0x0000000089900000|  0%| F|  |TAMS 0x0000000089800000, 0x0000000089800000| Untracked 
| 113|0x0000000089900000, 0x0000000089900000, 0x0000000089a00000|  0%| F|  |TAMS 0x0000000089900000, 0x0000000089900000| Untracked 
| 114|0x0000000089a00000, 0x0000000089a00000, 0x0000000089b00000|  0%| F|  |TAMS 0x0000000089a00000, 0x0000000089a00000| Untracked 
| 115|0x0000000089b00000, 0x0000000089b00000, 0x0000000089c00000|  0%| F|  |TAMS 0x0000000089b00000, 0x0000000089b00000| Untracked 
| 116|0x0000000089c00000, 0x0000000089c00000, 0x0000000089d00000|  0%| F|  |TAMS 0x0000000089c00000, 0x0000000089c00000| Untracked 
| 117|0x0000000089d00000, 0x0000000089d00000, 0x0000000089e00000|  0%| F|  |TAMS 0x0000000089d00000, 0x0000000089d00000| Untracked 
| 118|0x0000000089e00000, 0x0000000089e00000, 0x0000000089f00000|  0%| F|  |TAMS 0x0000000089e00000, 0x0000000089e00000| Untracked 
| 119|0x0000000089f00000, 0x0000000089f00000, 0x000000008a000000|  0%| F|  |TAMS 0x0000000089f00000, 0x0000000089f00000| Untracked 
| 120|0x000000008a000000, 0x000000008a000000, 0x000000008a100000|  0%| F|  |TAMS 0x000000008a000000, 0x000000008a000000| Untracked 
| 121|0x000000008a100000, 0x000000008a100000, 0x000000008a200000|  0%| F|  |TAMS 0x000000008a100000, 0x000000008a100000| Untracked 
| 122|0x000000008a200000, 0x000000008a200000, 0x000000008a300000|  0%| F|  |TAMS 0x000000008a200000, 0x000000008a200000| Untracked 
| 123|0x000000008a300000, 0x000000008a300000, 0x000000008a400000|  0%| F|  |TAMS 0x000000008a300000, 0x000000008a300000| Untracked 
| 124|0x000000008a400000, 0x000000008a400000, 0x000000008a500000|  0%| F|  |TAMS 0x000000008a400000, 0x000000008a400000| Untracked 
| 125|0x000000008a500000, 0x000000008a500000, 0x000000008a600000|  0%| F|  |TAMS 0x000000008a500000, 0x000000008a500000| Untracked 
| 126|0x000000008a600000, 0x000000008a600000, 0x000000008a700000|  0%| F|  |TAMS 0x000000008a600000, 0x000000008a600000| Untracked 
| 127|0x000000008a700000, 0x000000008a700000, 0x000000008a800000|  0%| F|  |TAMS 0x000000008a700000, 0x000000008a700000| Untracked 
| 128|0x000000008a800000, 0x000000008a800000, 0x000000008a900000|  0%| F|  |TAMS 0x000000008a800000, 0x000000008a800000| Untracked 
| 129|0x000000008a900000, 0x000000008a900000, 0x000000008aa00000|  0%| F|  |TAMS 0x000000008a900000, 0x000000008a900000| Untracked 
| 130|0x000000008aa00000, 0x000000008aa00000, 0x000000008ab00000|  0%| F|  |TAMS 0x000000008aa00000, 0x000000008aa00000| Untracked 
| 131|0x000000008ab00000, 0x000000008ab00000, 0x000000008ac00000|  0%| F|  |TAMS 0x000000008ab00000, 0x000000008ab00000| Untracked 
| 132|0x000000008ac00000, 0x000000008ac00000, 0x000000008ad00000|  0%| F|  |TAMS 0x000000008ac00000, 0x000000008ac00000| Untracked 
| 133|0x000000008ad00000, 0x000000008ad00000, 0x000000008ae00000|  0%| F|  |TAMS 0x000000008ad00000, 0x000000008ad00000| Untracked 
| 134|0x000000008ae00000, 0x000000008ae00000, 0x000000008af00000|  0%| F|  |TAMS 0x000000008ae00000, 0x000000008ae00000| Untracked 
| 135|0x000000008af00000, 0x000000008af00000, 0x000000008b000000|  0%| F|  |TAMS 0x000000008af00000, 0x000000008af00000| Untracked 
| 136|0x000000008b000000, 0x000000008b100000, 0x000000008b100000|100%| S|CS|TAMS 0x000000008b000000, 0x000000008b000000| Complete 
| 137|0x000000008b100000, 0x000000008b200000, 0x000000008b200000|100%| S|CS|TAMS 0x000000008b100000, 0x000000008b100000| Complete 
| 138|0x000000008b200000, 0x000000008b300000, 0x000000008b300000|100%| S|CS|TAMS 0x000000008b200000, 0x000000008b200000| Complete 
| 139|0x000000008b300000, 0x000000008b400000, 0x000000008b400000|100%| S|CS|TAMS 0x000000008b300000, 0x000000008b300000| Complete 
| 140|0x000000008b400000, 0x000000008b500000, 0x000000008b500000|100%| S|CS|TAMS 0x000000008b400000, 0x000000008b400000| Complete 
| 141|0x000000008b500000, 0x000000008b500000, 0x000000008b600000|  0%| F|  |TAMS 0x000000008b500000, 0x000000008b500000| Untracked 
| 142|0x000000008b600000, 0x000000008b600000, 0x000000008b700000|  0%| F|  |TAMS 0x000000008b600000, 0x000000008b600000| Untracked 
| 143|0x000000008b700000, 0x000000008b700000, 0x000000008b800000|  0%| F|  |TAMS 0x000000008b700000, 0x000000008b700000| Untracked 
| 144|0x000000008b800000, 0x000000008b900000, 0x000000008b900000|100%| S|CS|TAMS 0x000000008b800000, 0x000000008b800000| Complete 
| 145|0x000000008b900000, 0x000000008b900000, 0x000000008ba00000|  0%| F|  |TAMS 0x000000008b900000, 0x000000008b900000| Untracked 
| 146|0x000000008ba00000, 0x000000008ba00000, 0x000000008bb00000|  0%| F|  |TAMS 0x000000008ba00000, 0x000000008ba00000| Untracked 
| 147|0x000000008bb00000, 0x000000008bb00000, 0x000000008bc00000|  0%| F|  |TAMS 0x000000008bb00000, 0x000000008bb00000| Untracked 
| 148|0x000000008bc00000, 0x000000008bc00000, 0x000000008bd00000|  0%| F|  |TAMS 0x000000008bc00000, 0x000000008bc00000| Untracked 
| 149|0x000000008bd00000, 0x000000008bd00000, 0x000000008be00000|  0%| F|  |TAMS 0x000000008bd00000, 0x000000008bd00000| Untracked 
| 150|0x000000008be00000, 0x000000008be00000, 0x000000008bf00000|  0%| F|  |TAMS 0x000000008be00000, 0x000000008be00000| Untracked 
| 151|0x000000008bf00000, 0x000000008bf00000, 0x000000008c000000|  0%| F|  |TAMS 0x000000008bf00000, 0x000000008bf00000| Untracked 
| 152|0x000000008c000000, 0x000000008c000000, 0x000000008c100000|  0%| F|  |TAMS 0x000000008c000000, 0x000000008c000000| Untracked 
| 153|0x000000008c100000, 0x000000008c100000, 0x000000008c200000|  0%| F|  |TAMS 0x000000008c100000, 0x000000008c100000| Untracked 
| 154|0x000000008c200000, 0x000000008c200000, 0x000000008c300000|  0%| F|  |TAMS 0x000000008c200000, 0x000000008c200000| Untracked 
| 155|0x000000008c300000, 0x000000008c300000, 0x000000008c400000|  0%| F|  |TAMS 0x000000008c300000, 0x000000008c300000| Untracked 
| 156|0x000000008c400000, 0x000000008c400000, 0x000000008c500000|  0%| F|  |TAMS 0x000000008c400000, 0x000000008c400000| Untracked 
| 157|0x000000008c500000, 0x000000008c500000, 0x000000008c600000|  0%| F|  |TAMS 0x000000008c500000, 0x000000008c500000| Untracked 
| 158|0x000000008c600000, 0x000000008c600000, 0x000000008c700000|  0%| F|  |TAMS 0x000000008c600000, 0x000000008c600000| Untracked 
| 159|0x000000008c700000, 0x000000008c700000, 0x000000008c800000|  0%| F|  |TAMS 0x000000008c700000, 0x000000008c700000| Untracked 
| 160|0x000000008c800000, 0x000000008c800000, 0x000000008c900000|  0%| F|  |TAMS 0x000000008c800000, 0x000000008c800000| Untracked 
| 161|0x000000008c900000, 0x000000008c900000, 0x000000008ca00000|  0%| F|  |TAMS 0x000000008c900000, 0x000000008c900000| Untracked 
| 162|0x000000008ca00000, 0x000000008ca00000, 0x000000008cb00000|  0%| F|  |TAMS 0x000000008ca00000, 0x000000008ca00000| Untracked 
| 163|0x000000008cb00000, 0x000000008cb00000, 0x000000008cc00000|  0%| F|  |TAMS 0x000000008cb00000, 0x000000008cb00000| Untracked 
| 164|0x000000008cc00000, 0x000000008cc00000, 0x000000008cd00000|  0%| F|  |TAMS 0x000000008cc00000, 0x000000008cc00000| Untracked 
| 165|0x000000008cd00000, 0x000000008cd00000, 0x000000008ce00000|  0%| F|  |TAMS 0x000000008cd00000, 0x000000008cd00000| Untracked 
| 166|0x000000008ce00000, 0x000000008ce00000, 0x000000008cf00000|  0%| F|  |TAMS 0x000000008ce00000, 0x000000008ce00000| Untracked 
| 167|0x000000008cf00000, 0x000000008cf00000, 0x000000008d000000|  0%| F|  |TAMS 0x000000008cf00000, 0x000000008cf00000| Untracked 
| 168|0x000000008d000000, 0x000000008d000000, 0x000000008d100000|  0%| F|  |TAMS 0x000000008d000000, 0x000000008d000000| Untracked 
| 169|0x000000008d100000, 0x000000008d100000, 0x000000008d200000|  0%| F|  |TAMS 0x000000008d100000, 0x000000008d100000| Untracked 
| 170|0x000000008d200000, 0x000000008d200000, 0x000000008d300000|  0%| F|  |TAMS 0x000000008d200000, 0x000000008d200000| Untracked 
| 171|0x000000008d300000, 0x000000008d300000, 0x000000008d400000|  0%| F|  |TAMS 0x000000008d300000, 0x000000008d300000| Untracked 
| 172|0x000000008d400000, 0x000000008d400000, 0x000000008d500000|  0%| F|  |TAMS 0x000000008d400000, 0x000000008d400000| Untracked 
| 173|0x000000008d500000, 0x000000008d500000, 0x000000008d600000|  0%| F|  |TAMS 0x000000008d500000, 0x000000008d500000| Untracked 
| 174|0x000000008d600000, 0x000000008d600000, 0x000000008d700000|  0%| F|  |TAMS 0x000000008d600000, 0x000000008d600000| Untracked 
| 175|0x000000008d700000, 0x000000008d700000, 0x000000008d800000|  0%| F|  |TAMS 0x000000008d700000, 0x000000008d700000| Untracked 
| 176|0x000000008d800000, 0x000000008d800000, 0x000000008d900000|  0%| F|  |TAMS 0x000000008d800000, 0x000000008d800000| Untracked 
| 177|0x000000008d900000, 0x000000008d900000, 0x000000008da00000|  0%| F|  |TAMS 0x000000008d900000, 0x000000008d900000| Untracked 
| 178|0x000000008da00000, 0x000000008da00000, 0x000000008db00000|  0%| F|  |TAMS 0x000000008da00000, 0x000000008da00000| Untracked 
| 179|0x000000008db00000, 0x000000008db00000, 0x000000008dc00000|  0%| F|  |TAMS 0x000000008db00000, 0x000000008db00000| Untracked 
| 180|0x000000008dc00000, 0x000000008dc00000, 0x000000008dd00000|  0%| F|  |TAMS 0x000000008dc00000, 0x000000008dc00000| Untracked 
| 181|0x000000008dd00000, 0x000000008dd00000, 0x000000008de00000|  0%| F|  |TAMS 0x000000008dd00000, 0x000000008dd00000| Untracked 
| 182|0x000000008de00000, 0x000000008de00000, 0x000000008df00000|  0%| F|  |TAMS 0x000000008de00000, 0x000000008de00000| Untracked 
| 183|0x000000008df00000, 0x000000008df00000, 0x000000008e000000|  0%| F|  |TAMS 0x000000008df00000, 0x000000008df00000| Untracked 

Card table byte_map: [0x0000025064140000,0x0000025064530000] _byte_map_base: 0x0000025063d2c000

Marking Bits (Prev, Next): (CMBitMap*) 0x00000250515a6600, (CMBitMap*) 0x00000250515a6640
 Prev Bits: [0x0000025064920000, 0x0000025066880000)
 Next Bits: [0x0000025066880000, 0x00000250687e0000)

Polling page: 0x0000025050d00000

Metaspace:

Usage:
  Non-class:     73.37 MB used.
      Class:      8.92 MB used.
       Both:     82.29 MB used.

Virtual space:
  Non-class space:      128.00 MB reserved,      73.56 MB ( 57%) committed,  2 nodes.
      Class space:        1.00 GB reserved,       9.12 MB ( <1%) committed,  1 nodes.
             Both:        1.12 GB reserved,      82.69 MB (  7%) committed. 

Chunk freelists:
   Non-Class:  6.45 MB
       Class:  6.73 MB
        Both:  13.18 MB

MaxMetaspaceSize: unlimited
CompressedClassSpaceSize: 1.00 GB
Initial GC threshold: 21.00 MB
Current GC threshold: 96.69 MB
CDS: off
MetaspaceReclaimPolicy: balanced
 - commit_granule_bytes: 65536.
 - commit_granule_words: 8192.
 - virtual_space_node_default_size: 8388608.
 - enlarge_chunks_in_place: 1.
 - new_chunks_are_fully_committed: 0.
 - uncommit_free_chunks: 1.
 - use_allocation_guard: 0.
 - handle_deallocations: 1.


Internal statistics:

num_allocs_failed_limit: 6.
num_arena_births: 456.
num_arena_deaths: 0.
num_vsnodes_births: 3.
num_vsnodes_deaths: 0.
num_space_committed: 1321.
num_space_uncommitted: 0.
num_chunks_returned_to_freelist: 6.
num_chunks_taken_from_freelist: 3283.
num_chunk_merges: 6.
num_chunk_splits: 2604.
num_chunks_enlarged: 2229.
num_inconsistent_stats: 0.

CodeHeap 'non-profiled nmethods': size=120000Kb used=9087Kb max_used=9087Kb free=110912Kb
 bounds [0x000002505c4f0000, 0x000002505cdd0000, 0x0000025063a20000]
CodeHeap 'profiled nmethods': size=120000Kb used=41918Kb max_used=41918Kb free=78081Kb
 bounds [0x0000025054a20000, 0x0000025057320000, 0x000002505bf50000]
CodeHeap 'non-nmethods': size=5760Kb used=1400Kb max_used=1502Kb free=4359Kb
 bounds [0x000002505bf50000, 0x000002505c1c0000, 0x000002505c4f0000]
 total_blobs=14878 nmethods=14149 adapters=637
 compilation: enabled
              stopped_count=0, restarted_count=0
 full_count=0

Compilation events (20 events):
Event: 49.113 Thread 0x000002506b3cff90 nmethod 17397 0x0000025057306c10 code [0x0000025057306ee0, 0x0000025057307b58]
Event: 49.113 Thread 0x000002506b3cff90 17398       3       org.jetbrains.kotlin.backend.common.ClassLoweringVisitor::visitConstructorCall (6 bytes)
Event: 49.115 Thread 0x000002506b3cff90 nmethod 17398 0x0000025057308010 code [0x00000250573082e0, 0x0000025057308f58]
Event: 49.115 Thread 0x000002506b3cff90 17402       3       org.jetbrains.kotlin.backend.jvm.ir.JvmIrTypeUtilsKt::getErasedUpperBound (83 bytes)
Event: 49.119 Thread 0x000002506b3cff90 nmethod 17402 0x0000025057309410 code [0x0000025057309960, 0x000002505730c148]
Event: 49.119 Thread 0x000002506b3cff90 17409       3       org.jetbrains.kotlin.backend.jvm.MemoizedMultiFieldValueClassReplacements::quickCheckIfFunctionIsNotApplicable (205 bytes)
Event: 49.122 Thread 0x000002506b3cff90 nmethod 17409 0x000002505730cd10 code [0x000002505730d120, 0x000002505730f0e8]
Event: 49.122 Thread 0x000002507368ea60 nmethod 17375 0x000002505cdcdf90 code [0x000002505cdce200, 0x000002505cdced58]
Event: 49.122 Thread 0x000002506b3cff90 17405       3       org.jetbrains.kotlin.backend.jvm.lower.JvmValueClassAbstractLowering::visitContainerExpression (20 bytes)
Event: 49.123 Thread 0x000002506b3cff90 nmethod 17405 0x000002505730f810 code [0x000002505730fa20, 0x0000025057310008]
Event: 49.123 Thread 0x000002506b3cf5d0 17410       4       org.jetbrains.kotlin.ir.declarations.IrDeclarationsKt::isMultiFieldValueClass (14 bytes)
Event: 49.124 Thread 0x000002506b3cff90 17404       1       org.jetbrains.kotlin.ir.declarations.impl.IrTypeParameterImpl::getSuperTypes (5 bytes)
Event: 49.124 Thread 0x000002506b3cff90 nmethod 17404 0x000002505cdcf890 code [0x000002505cdcfa20, 0x000002505cdcfaf8]
Event: 49.124 Thread 0x000002506b3cff90 17408       3       org.jetbrains.kotlin.backend.jvm.ir.JvmIrBuilder::<init> (52 bytes)
Event: 49.125 Thread 0x000002506b3cf5d0 nmethod 17410 0x000002505cdcfb90 code [0x000002505cdcfd20, 0x000002505cdcfdd8]
Event: 49.126 Thread 0x000002507368ea60 17413       4       org.jetbrains.kotlin.backend.jvm.MfvcNodeKt::needsMfvcFlattening (147 bytes)
Event: 49.127 Thread 0x000002506b3cff90 nmethod 17408 0x0000025057310290 code [0x0000025057310680, 0x0000025057312118]
Event: 49.127 Thread 0x000002506b3cff90 17411       3       org.jetbrains.kotlin.backend.jvm.MemoizedValueClassAbstractReplacements$replaceOverriddenSymbolsImpl$1::invoke (118 bytes)
Event: 49.129 Thread 0x000002506b3cff90 nmethod 17411 0x0000025057312b10 code [0x0000025057312e60, 0x0000025057314658]
Event: 49.130 Thread 0x000002506b3cff90 17414       3       org.jetbrains.kotlin.backend.jvm.lower.JvmMultiFieldValueClassLowering::visitContainerExpression (126 bytes)

GC Heap History (20 events):
Event: 22.280 GC heap after
{Heap after GC invocations=24 (full 0):
 garbage-first heap   total 106496K, used 62877K [0x0000000082800000, 0x0000000100000000)
  region size 1024K, 4 young (4096K), 4 survivors (4096K)
 Metaspace       used 60248K, committed 60544K, reserved 1114112K
  class space    used 6923K, committed 7104K, reserved 1048576K
}
Event: 22.409 GC heap before
{Heap before GC invocations=24 (full 0):
 garbage-first heap   total 106496K, used 63901K [0x0000000082800000, 0x0000000100000000)
  region size 1024K, 5 young (5120K), 4 survivors (4096K)
 Metaspace       used 60263K, committed 60608K, reserved 1114112K
  class space    used 6924K, committed 7104K, reserved 1048576K
}
Event: 22.436 GC heap after
{Heap after GC invocations=25 (full 0):
 garbage-first heap   total 188416K, used 62539K [0x0000000082800000, 0x0000000100000000)
  region size 1024K, 1 young (1024K), 1 survivors (1024K)
 Metaspace       used 60263K, committed 60608K, reserved 1114112K
  class space    used 6924K, committed 7104K, reserved 1048576K
}
Event: 25.713 GC heap before
{Heap before GC invocations=25 (full 0):
 garbage-first heap   total 188416K, used 141387K [0x0000000082800000, 0x0000000100000000)
  region size 1024K, 75 young (76800K), 1 survivors (1024K)
 Metaspace       used 61062K, committed 61376K, reserved 1114112K
  class space    used 6949K, committed 7104K, reserved 1048576K
}
Event: 25.732 GC heap after
{Heap after GC invocations=26 (full 0):
 garbage-first heap   total 188416K, used 71737K [0x0000000082800000, 0x0000000100000000)
  region size 1024K, 8 young (8192K), 8 survivors (8192K)
 Metaspace       used 61062K, committed 61376K, reserved 1114112K
  class space    used 6949K, committed 7104K, reserved 1048576K
}
Event: 26.083 GC heap before
{Heap before GC invocations=26 (full 0):
 garbage-first heap   total 188416K, used 139321K [0x0000000082800000, 0x0000000100000000)
  region size 1024K, 74 young (75776K), 8 survivors (8192K)
 Metaspace       used 61062K, committed 61376K, reserved 1114112K
  class space    used 6949K, committed 7104K, reserved 1048576K
}
Event: 26.108 GC heap after
{Heap after GC invocations=27 (full 0):
 garbage-first heap   total 188416K, used 79872K [0x0000000082800000, 0x0000000100000000)
  region size 1024K, 8 young (8192K), 8 survivors (8192K)
 Metaspace       used 61062K, committed 61376K, reserved 1114112K
  class space    used 6949K, committed 7104K, reserved 1048576K
}
Event: 30.770 GC heap before
{Heap before GC invocations=27 (full 0):
 garbage-first heap   total 188416K, used 146432K [0x0000000082800000, 0x0000000100000000)
  region size 1024K, 71 young (72704K), 8 survivors (8192K)
 Metaspace       used 61818K, committed 62144K, reserved 1114112K
  class space    used 6960K, committed 7104K, reserved 1048576K
}
Event: 30.797 GC heap after
{Heap after GC invocations=28 (full 0):
 garbage-first heap   total 188416K, used 87398K [0x0000000082800000, 0x0000000100000000)
  region size 1024K, 6 young (6144K), 6 survivors (6144K)
 Metaspace       used 61818K, committed 62144K, reserved 1114112K
  class space    used 6960K, committed 7104K, reserved 1048576K
}
Event: 35.101 GC heap before
{Heap before GC invocations=28 (full 0):
 garbage-first heap   total 188416K, used 147814K [0x0000000082800000, 0x0000000100000000)
  region size 1024K, 65 young (66560K), 6 survivors (6144K)
 Metaspace       used 62322K, committed 62656K, reserved 1114112K
  class space    used 6962K, committed 7168K, reserved 1048576K
}
Event: 35.129 GC heap after
{Heap after GC invocations=29 (full 0):
 garbage-first heap   total 188416K, used 91307K [0x0000000082800000, 0x0000000100000000)
  region size 1024K, 4 young (4096K), 4 survivors (4096K)
 Metaspace       used 62322K, committed 62656K, reserved 1114112K
  class space    used 6962K, committed 7168K, reserved 1048576K
}
Event: 37.847 GC heap before
{Heap before GC invocations=29 (full 0):
 garbage-first heap   total 188416K, used 151723K [0x0000000082800000, 0x0000000100000000)
  region size 1024K, 63 young (64512K), 4 survivors (4096K)
 Metaspace       used 64180K, committed 64512K, reserved 1114112K
  class space    used 7118K, committed 7296K, reserved 1048576K
}
Event: 37.886 GC heap after
{Heap after GC invocations=30 (full 0):
 garbage-first heap   total 188416K, used 94336K [0x0000000082800000, 0x0000000100000000)
  region size 1024K, 7 young (7168K), 7 survivors (7168K)
 Metaspace       used 64180K, committed 64512K, reserved 1114112K
  class space    used 7118K, committed 7296K, reserved 1048576K
}
Event: 42.605 GC heap before
{Heap before GC invocations=30 (full 0):
 garbage-first heap   total 188416K, used 153728K [0x0000000082800000, 0x0000000100000000)
  region size 1024K, 65 young (66560K), 7 survivors (7168K)
 Metaspace       used 72549K, committed 72832K, reserved 1114112K
  class space    used 7982K, committed 8128K, reserved 1048576K
}
Event: 42.650 GC heap after
{Heap after GC invocations=31 (full 0):
 garbage-first heap   total 188416K, used 99870K [0x0000000082800000, 0x0000000100000000)
  region size 1024K, 9 young (9216K), 9 survivors (9216K)
 Metaspace       used 72549K, committed 72832K, reserved 1114112K
  class space    used 7982K, committed 8128K, reserved 1048576K
}
Event: 44.897 GC heap before
{Heap before GC invocations=31 (full 0):
 garbage-first heap   total 188416K, used 154142K [0x0000000082800000, 0x0000000100000000)
  region size 1024K, 62 young (63488K), 9 survivors (9216K)
 Metaspace       used 73639K, committed 74048K, reserved 1179648K
  class space    used 8057K, committed 8256K, reserved 1048576K
}
Event: 44.955 GC heap after
{Heap after GC invocations=32 (full 0):
 garbage-first heap   total 188416K, used 111435K [0x0000000082800000, 0x0000000100000000)
  region size 1024K, 8 young (8192K), 8 survivors (8192K)
 Metaspace       used 73639K, committed 74048K, reserved 1179648K
  class space    used 8057K, committed 8256K, reserved 1048576K
}
Event: 47.104 GC heap before
{Heap before GC invocations=32 (full 0):
 garbage-first heap   total 188416K, used 152395K [0x0000000082800000, 0x0000000100000000)
  region size 1024K, 48 young (49152K), 8 survivors (8192K)
 Metaspace       used 79521K, committed 79872K, reserved 1179648K
  class space    used 8669K, committed 8832K, reserved 1048576K
}
Event: 47.137 GC heap after
{Heap after GC invocations=33 (full 0):
 garbage-first heap   total 188416K, used 114960K [0x0000000082800000, 0x0000000100000000)
  region size 1024K, 3 young (3072K), 3 survivors (3072K)
 Metaspace       used 79521K, committed 79872K, reserved 1179648K
  class space    used 8669K, committed 8832K, reserved 1048576K
}
Event: 49.132 GC heap before
{Heap before GC invocations=33 (full 0):
 garbage-first heap   total 188416K, used 153872K [0x0000000082800000, 0x0000000100000000)
  region size 1024K, 42 young (43008K), 3 survivors (3072K)
 Metaspace       used 84260K, committed 84672K, reserved 1179648K
  class space    used 9133K, committed 9344K, reserved 1048576K
}

Dll operation events (2 events):
Event: 0.019 Loaded shared library D:\Aplikasi\Android Studio\jbr\bin\java.dll
Event: 3.618 Loaded shared library D:\Aplikasi\Android Studio\jbr\bin\verify.dll

Deoptimization events (20 events):
Event: 48.409 Thread 0x0000025051549230 Uncommon trap: trap_request=0xffffff66 fr.pc=0x000002505cd8aa00 relative=0x00000000000001e0
Event: 48.409 Thread 0x0000025051549230 Uncommon trap: reason=speculate_class_check action=maybe_recompile pc=0x000002505cd8aa00 method=org.jetbrains.kotlin.ir.expressions.IrExpression.transform(Lorg/jetbrains/kotlin/ir/visitors/IrElementTransformer;Ljava/lang/Object;)Lorg/jetbrains/kotlin/ir/e
Event: 48.409 Thread 0x0000025051549230 DEOPT PACKING pc=0x000002505cd8aa00 sp=0x00000050e7dfb8b0
Event: 48.409 Thread 0x0000025051549230 DEOPT UNPACKING pc=0x000002505bfa69a3 sp=0x00000050e7dfb7e0 mode 2
Event: 48.409 Thread 0x0000025051549230 Uncommon trap: trap_request=0xffffff66 fr.pc=0x000002505cd8aa00 relative=0x00000000000001e0
Event: 48.409 Thread 0x0000025051549230 Uncommon trap: reason=speculate_class_check action=maybe_recompile pc=0x000002505cd8aa00 method=org.jetbrains.kotlin.ir.expressions.IrExpression.transform(Lorg/jetbrains/kotlin/ir/visitors/IrElementTransformer;Ljava/lang/Object;)Lorg/jetbrains/kotlin/ir/e
Event: 48.409 Thread 0x0000025051549230 DEOPT PACKING pc=0x000002505cd8aa00 sp=0x00000050e7dfb8b0
Event: 48.409 Thread 0x0000025051549230 DEOPT UNPACKING pc=0x000002505bfa69a3 sp=0x00000050e7dfb7e0 mode 2
Event: 48.409 Thread 0x0000025051549230 Uncommon trap: trap_request=0xffffff66 fr.pc=0x000002505cd8aa00 relative=0x00000000000001e0
Event: 48.409 Thread 0x0000025051549230 Uncommon trap: reason=speculate_class_check action=maybe_recompile pc=0x000002505cd8aa00 method=org.jetbrains.kotlin.ir.expressions.IrExpression.transform(Lorg/jetbrains/kotlin/ir/visitors/IrElementTransformer;Ljava/lang/Object;)Lorg/jetbrains/kotlin/ir/e
Event: 48.409 Thread 0x0000025051549230 DEOPT PACKING pc=0x000002505cd8aa00 sp=0x00000050e7dfb690
Event: 48.409 Thread 0x0000025051549230 DEOPT UNPACKING pc=0x000002505bfa69a3 sp=0x00000050e7dfb5c0 mode 2
Event: 48.451 Thread 0x0000025051549230 Uncommon trap: trap_request=0xffffff45 fr.pc=0x000002505ccb3424 relative=0x0000000000000084
Event: 48.451 Thread 0x0000025051549230 Uncommon trap: reason=unstable_if action=reinterpret pc=0x000002505ccb3424 method=org.jetbrains.kotlin.ir.util.IrFakeOverrideUtilsKt.isFakeOverride(Lorg/jetbrains/kotlin/ir/declarations/IrDeclaration;)Z @ 12 c2
Event: 48.451 Thread 0x0000025051549230 DEOPT PACKING pc=0x000002505ccb3424 sp=0x00000050e7dfdb10
Event: 48.451 Thread 0x0000025051549230 DEOPT UNPACKING pc=0x000002505bfa69a3 sp=0x00000050e7dfdaa8 mode 2
Event: 48.612 Thread 0x0000025051549230 DEOPT PACKING pc=0x000002505717933c sp=0x00000050e7dfc250
Event: 48.612 Thread 0x0000025051549230 DEOPT UNPACKING pc=0x000002505bfa7143 sp=0x00000050e7dfb820 mode 0
Event: 49.075 Thread 0x0000025051549230 DEOPT PACKING pc=0x000002505cd939b4 sp=0x00000050e7dfd820
Event: 49.075 Thread 0x0000025051549230 DEOPT UNPACKING pc=0x000002505bfa7143 sp=0x00000050e7dfcc68 mode 0

Classes unloaded (0 events):
No events

Classes redefined (0 events):
No events

Internal exceptions (20 events):
Event: 14.296 Thread 0x0000025051549230 Implicit null exception at 0x000002505c587a0f to 0x000002505c587a89
Event: 14.304 Thread 0x0000025051549230 Exception <a 'java/lang/NoSuchMethodError'{0x0000000086d758f0}: 'int java.lang.invoke.DirectMethodHandle$Holder.invokeStaticInit(java.lang.Object, int)'> (0x0000000086d758f0) 
thrown [s\src\hotspot\share\interpreter\linkResolver.cpp, line 771]
Event: 17.579 Thread 0x0000025051549230 Exception <a 'java/lang/NoSuchMethodError'{0x0000000087d4ce78}: 'java.lang.Object java.lang.invoke.DirectMethodHandle$Holder.invokeStatic(java.lang.Object, int, java.lang.Object, java.lang.Object)'> (0x0000000087d4ce78) 
thrown [s\src\hotspot\share\interpreter\linkResolver.cpp, line 771]
Event: 17.590 Thread 0x0000025051549230 Exception <a 'java/lang/NoSuchMethodError'{0x0000000087d55b70}: 'java.lang.Object java.lang.invoke.DirectMethodHandle$Holder.newInvokeSpecial(java.lang.Object, int, java.lang.Object)'> (0x0000000087d55b70) 
thrown [s\src\hotspot\share\interpreter\linkResolver.cpp, line 771]
Event: 17.607 Thread 0x0000025051549230 Exception <a 'java/lang/NoSuchMethodError'{0x0000000087d5ca18}: 'int java.lang.invoke.DirectMethodHandle$Holder.invokeInterface(java.lang.Object, java.lang.Object)'> (0x0000000087d5ca18) 
thrown [s\src\hotspot\share\interpreter\linkResolver.cpp, line 771]
Event: 18.191 Thread 0x0000025051549230 Exception <a 'java/lang/NoSuchMethodError'{0x0000000087aa7c58}: 'java.lang.Object java.lang.invoke.DirectMethodHandle$Holder.newInvokeSpecial(java.lang.Object, java.lang.Object, java.lang.Object, java.lang.Object, java.lang.Object, java.lang.Object, java.lang.Object)'> (0x0000000087aa7c58) 
thrown [s\src\hotspot\share\interpreter\linkResolver.cpp, line 771]
Event: 18.192 Thread 0x0000025051549230 Exception <a 'java/lang/NoSuchMethodError'{0x0000000087aac810}: 'java.lang.Object java.lang.invoke.Invokers$Holder.linkToTargetMethod(java.lang.Object, java.lang.Object, java.lang.Object, java.lang.Object, java.lang.Object, java.lang.Object, java.lang.Object)'> (0x0000000087aac810) 
thrown [s\src\hotspot\share\interpreter\linkResolver.cpp, line 771]
Event: 18.786 Thread 0x0000025051549230 Exception <a 'java/lang/NoSuchMethodError'{0x000000008778e008}: 'java.lang.Object java.lang.invoke.DirectMethodHandle$Holder.invokeInterface(java.lang.Object, java.lang.Object, java.lang.Object)'> (0x000000008778e008) 
thrown [s\src\hotspot\share\interpreter\linkResolver.cpp, line 771]
Event: 18.788 Thread 0x0000025051549230 Exception <a 'java/lang/IncompatibleClassChangeError'{0x0000000087791978}: Found class java.lang.Object, but interface was expected> (0x0000000087791978) 
thrown [s\src\hotspot\share\interpreter\linkResolver.cpp, line 838]
Event: 19.107 Thread 0x0000025051549230 Implicit null exception at 0x000002505c7b51c0 to 0x000002505c7b524d
Event: 27.004 Thread 0x0000025051549230 Implicit null exception at 0x000002505c92bc2c to 0x000002505c92bcfc
Event: 38.165 Thread 0x0000025051549230 Exception <a 'java/lang/NoSuchMethodError'{0x000000008ddd2a58}: 'java.lang.Object java.lang.invoke.DirectMethodHandle$Holder.invokeStaticInit(java.lang.Object, java.lang.Object, java.lang.Object, java.lang.Object)'> (0x000000008ddd2a58) 
thrown [s\src\hotspot\share\interpreter\linkResolver.cpp, line 771]
Event: 39.146 Thread 0x0000025051549230 Exception <a 'java/lang/NoSuchMethodError'{0x000000008cdc6b38}: 'java.lang.Object java.lang.invoke.DirectMethodHandle$Holder.newInvokeSpecial(java.lang.Object, java.lang.Object, java.lang.Object, int, int)'> (0x000000008cdc6b38) 
thrown [s\src\hotspot\share\interpreter\linkResolver.cpp, line 771]
Event: 39.148 Thread 0x0000025051549230 Exception <a 'java/lang/NoSuchMethodError'{0x000000008cdca978}: 'java.lang.Object java.lang.invoke.DirectMethodHandle$Holder.invokeSpecial(java.lang.Object, java.lang.Object, java.lang.Object, java.lang.Object, int, int)'> (0x000000008cdca978) 
thrown [s\src\hotspot\share\interpreter\linkResolver.cpp, line 771]
Event: 40.076 Thread 0x0000025051549230 Exception <a 'java/lang/NoSuchMethodError'{0x000000008c4e3208}: 'java.lang.Object java.lang.invoke.DirectMethodHandle$Holder.invokeStatic(java.lang.Object, int, java.lang.Object)'> (0x000000008c4e3208) 
thrown [s\src\hotspot\share\interpreter\linkResolver.cpp, line 771]
Event: 40.281 Thread 0x0000025051549230 Implicit null exception at 0x000002505c55d196 to 0x000002505c55d46c
Event: 40.329 Thread 0x0000025051549230 Exception <a 'java/lang/NoSuchMethodError'{0x000000008c189d88}: 'java.lang.Object java.lang.invoke.DirectMethodHandle$Holder.invokeSpecial(java.lang.Object, java.lang.Object, int, int, java.lang.Object, java.lang.Object, java.lang.Object, java.lang.Object, java.lang.Object)'> (0x000000008c189d88) 
thrown [s\src\hotspot\share\interpreter\linkResolver.cpp, line 771]
Event: 41.614 Thread 0x0000025051549230 Exception <a 'java/lang/NoSuchMethodError'{0x000000008b8e3c78}: 'java.lang.Object java.lang.invoke.DirectMethodHandle$Holder.newInvokeSpecial(java.lang.Object, java.lang.Object, int, int, java.lang.Object, java.lang.Object, java.lang.Object)'> (0x000000008b8e3c78) 
thrown [s\src\hotspot\share\interpreter\linkResolver.cpp, line 771]
Event: 41.614 Thread 0x0000025051549230 Exception <a 'java/lang/NoSuchMethodError'{0x000000008b8e8278}: 'java.lang.Object java.lang.invoke.DirectMethodHandle$Holder.invokeSpecial(java.lang.Object, java.lang.Object, java.lang.Object, int, int, java.lang.Object, java.lang.Object, java.lang.Object)'> (0x000000008b8e8278) 
thrown [s\src\hotspot\share\interpreter\linkResolver.cpp, line 771]
Event: 47.514 Thread 0x0000025051549230 Implicit null exception at 0x000002505cb0d94d to 0x000002505cb0e8d4

VM Operations (20 events):
Event: 48.257 Executing VM operation: ICBufferFull done
Event: 48.354 Executing VM operation: HandshakeAllThreads
Event: 48.354 Executing VM operation: HandshakeAllThreads done
Event: 48.358 Executing VM operation: HandshakeAllThreads
Event: 48.359 Executing VM operation: HandshakeAllThreads done
Event: 48.425 Executing VM operation: ICBufferFull
Event: 48.425 Executing VM operation: ICBufferFull done
Event: 48.587 Executing VM operation: HandshakeAllThreads
Event: 48.587 Executing VM operation: HandshakeAllThreads done
Event: 48.609 Executing VM operation: HandshakeAllThreads
Event: 48.609 Executing VM operation: HandshakeAllThreads done
Event: 48.724 Executing VM operation: ICBufferFull
Event: 48.725 Executing VM operation: ICBufferFull done
Event: 48.919 Executing VM operation: ICBufferFull
Event: 48.920 Executing VM operation: ICBufferFull done
Event: 49.055 Executing VM operation: HandshakeAllThreads
Event: 49.055 Executing VM operation: HandshakeAllThreads done
Event: 49.061 Executing VM operation: HandshakeAllThreads
Event: 49.061 Executing VM operation: HandshakeAllThreads done
Event: 49.132 Executing VM operation: G1CollectForAllocation

Events (20 events):
Event: 47.362 loading class java/lang/constant/DirectMethodHandleDesc$1
Event: 47.362 loading class java/lang/constant/DirectMethodHandleDesc$1 done
Event: 47.362 loading class java/lang/constant/PrimitiveClassDescImpl
Event: 47.362 loading class java/lang/constant/DynamicConstantDesc
Event: 47.363 loading class java/lang/constant/DynamicConstantDesc done
Event: 47.363 loading class java/lang/constant/PrimitiveClassDescImpl done
Event: 47.363 loading class java/lang/constant/DynamicConstantDesc$AnonymousDynamicConstantDesc
Event: 47.363 loading class java/lang/constant/DynamicConstantDesc$AnonymousDynamicConstantDesc done
Event: 47.364 loading class sun/security/provider/ByteArrayAccess
Event: 47.364 loading class sun/security/provider/ByteArrayAccess done
Event: 47.365 loading class java/util/Base64
Event: 47.367 loading class java/util/Base64 done
Event: 47.367 loading class java/util/Base64$Encoder
Event: 47.367 loading class java/util/Base64$Encoder done
Event: 47.495 Thread 0x000002506b3f1950 flushing nmethod 0x000002505c9c5110
Event: 47.496 Thread 0x000002506b3f1950 flushing nmethod 0x000002505c9f0f90
Event: 47.496 Thread 0x000002506b3f1950 flushing nmethod 0x000002505c9fbd90
Event: 47.496 Thread 0x000002506b3f1950 flushing nmethod 0x000002505cb04710
Event: 47.498 Thread 0x000002506b3f1950 flushing nmethod 0x000002505ccb3210
Event: 47.552 Thread 0x000002506b3f1950 flushing nmethod 0x0000025056ce8a10


Dynamic libraries:
0x00007ff7dbf20000 - 0x00007ff7dbf2a000 	D:\Aplikasi\Android Studio\jbr\bin\java.exe
0x00007ffd924b0000 - 0x00007ffd926c7000 	C:\Windows\SYSTEM32\ntdll.dll
0x00007ffd916a0000 - 0x00007ffd91764000 	C:\Windows\System32\KERNEL32.DLL
0x00007ffd8fb40000 - 0x00007ffd8fef9000 	C:\Windows\System32\KERNELBASE.dll
0x00007ffd8f7e0000 - 0x00007ffd8f8f1000 	C:\Windows\System32\ucrtbase.dll
0x00007ffd753a0000 - 0x00007ffd753b7000 	D:\Aplikasi\Android Studio\jbr\bin\jli.dll
0x00007ffd75250000 - 0x00007ffd7526b000 	D:\Aplikasi\Android Studio\jbr\bin\VCRUNTIME140.dll
0x00007ffd91110000 - 0x00007ffd912be000 	C:\Windows\System32\USER32.dll
0x00007ffd70c00000 - 0x00007ffd70e92000 	C:\Windows\WinSxS\amd64_microsoft.windows.common-controls_6595b64144ccf1df_6.0.22621.4391_none_2715d37f73803e96\COMCTL32.dll
0x00007ffd901a0000 - 0x00007ffd901c6000 	C:\Windows\System32\win32u.dll
0x00007ffd923c0000 - 0x00007ffd92467000 	C:\Windows\System32\msvcrt.dll
0x00007ffd90f60000 - 0x00007ffd90f89000 	C:\Windows\System32\GDI32.dll
0x00007ffd8fa20000 - 0x00007ffd8fb3b000 	C:\Windows\System32\gdi32full.dll
0x00007ffd8f980000 - 0x00007ffd8fa1a000 	C:\Windows\System32\msvcp_win.dll
0x00007ffd91560000 - 0x00007ffd91591000 	C:\Windows\System32\IMM32.DLL
0x00007ffd88fc0000 - 0x00007ffd88fcc000 	D:\Aplikasi\Android Studio\jbr\bin\vcruntime140_1.dll
0x00007ffd5e280000 - 0x00007ffd5e30d000 	D:\Aplikasi\Android Studio\jbr\bin\msvcp140.dll
0x00007ffd1e6c0000 - 0x00007ffd1f343000 	D:\Aplikasi\Android Studio\jbr\bin\server\jvm.dll
0x00007ffd90f90000 - 0x00007ffd91042000 	C:\Windows\System32\ADVAPI32.dll
0x00007ffd91800000 - 0x00007ffd918a7000 	C:\Windows\System32\sechost.dll
0x00007ffd8f7b0000 - 0x00007ffd8f7d8000 	C:\Windows\System32\bcrypt.dll
0x00007ffd91b50000 - 0x00007ffd91c64000 	C:\Windows\System32\RPCRT4.dll
0x00007ffd8e600000 - 0x00007ffd8e64d000 	C:\Windows\SYSTEM32\POWRPROF.dll
0x00007ffd70f30000 - 0x00007ffd70f39000 	C:\Windows\SYSTEM32\WSOCK32.dll
0x00007ffd91770000 - 0x00007ffd917e1000 	C:\Windows\System32\WS2_32.dll
0x00007ffd88f10000 - 0x00007ffd88f44000 	C:\Windows\SYSTEM32\WINMM.dll
0x00007ffd884d0000 - 0x00007ffd884da000 	C:\Windows\SYSTEM32\VERSION.dll
0x00007ffd8e5e0000 - 0x00007ffd8e5f3000 	C:\Windows\SYSTEM32\UMPDC.dll
0x00007ffd8e8a0000 - 0x00007ffd8e8b8000 	C:\Windows\SYSTEM32\kernel.appcore.dll
0x00007ffd88320000 - 0x00007ffd8832a000 	D:\Aplikasi\Android Studio\jbr\bin\jimage.dll
0x00007ffd8d050000 - 0x00007ffd8d282000 	C:\Windows\SYSTEM32\DBGHELP.DLL
0x00007ffd90a70000 - 0x00007ffd90dff000 	C:\Windows\System32\combase.dll
0x00007ffd912c0000 - 0x00007ffd91397000 	C:\Windows\System32\OLEAUT32.dll
0x00007ffd69a50000 - 0x00007ffd69a82000 	C:\Windows\SYSTEM32\dbgcore.DLL
0x00007ffd8f900000 - 0x00007ffd8f97b000 	C:\Windows\System32\bcryptPrimitives.dll
0x00007ffd861a0000 - 0x00007ffd861c5000 	D:\Aplikasi\Android Studio\jbr\bin\java.dll
0x00007ffd86180000 - 0x00007ffd86198000 	D:\Aplikasi\Android Studio\jbr\bin\zip.dll
0x00007ffd901d0000 - 0x00007ffd90a46000 	C:\Windows\System32\SHELL32.dll
0x00007ffd8d6b0000 - 0x00007ffd8dfb3000 	C:\Windows\SYSTEM32\windows.storage.dll
0x00007ffd8d400000 - 0x00007ffd8d53f000 	C:\Windows\SYSTEM32\wintypes.dll
0x00007ffd91c70000 - 0x00007ffd91d69000 	C:\Windows\System32\SHCORE.dll
0x00007ffd910b0000 - 0x00007ffd9110e000 	C:\Windows\System32\shlwapi.dll
0x00007ffd8f6e0000 - 0x00007ffd8f70b000 	C:\Windows\SYSTEM32\profapi.dll
0x00007ffd86160000 - 0x00007ffd86179000 	D:\Aplikasi\Android Studio\jbr\bin\net.dll
0x00007ffd8bc50000 - 0x00007ffd8bd86000 	C:\Windows\SYSTEM32\WINHTTP.dll
0x00007ffd8ed20000 - 0x00007ffd8ed89000 	C:\Windows\system32\mswsock.dll
0x00007ffd783d0000 - 0x00007ffd783e6000 	D:\Aplikasi\Android Studio\jbr\bin\nio.dll
0x00007ffd783c0000 - 0x00007ffd783d0000 	D:\Aplikasi\Android Studio\jbr\bin\verify.dll

dbghelp: loaded successfully - version: 4.0.5 - missing functions: none
symbol engine: initialized successfully - sym options: 0x614 - pdb path: .;D:\Aplikasi\Android Studio\jbr\bin;C:\Windows\SYSTEM32;C:\Windows\WinSxS\amd64_microsoft.windows.common-controls_6595b64144ccf1df_6.0.22621.4391_none_2715d37f73803e96;D:\Aplikasi\Android Studio\jbr\bin\server

VM Arguments:
java_command: org.jetbrains.kotlin.cli.jvm.K2JVMCompiler @D:\download\AppLyfestox\app\build\20241122_2159117289138323275.compiler.options
java_class_path (initial): C:\Users\Bayu Purnama Aji\.gradle\caches\modules-2\files-2.1\org.jetbrains.kotlin\kotlin-compiler-embeddable\1.9.0\2c8c3a7402becca891f12739b3e9fd2dc2adbd7a\kotlin-compiler-embeddable-1.9.0.jar;C:\Users\Bayu Purnama Aji\.gradle\caches\modules-2\files-2.1\org.jetbrains.kotlin\kotlin-stdlib\1.9.0\8ee15ef0c67dc83d874f412d84378d7f0eb50b63\kotlin-stdlib-1.9.0.jar;C:\Users\Bayu Purnama Aji\.gradle\caches\modules-2\files-2.1\org.jetbrains.kotlin\kotlin-script-runtime\1.9.0\4b3102cbbb7e1b58d9d1adf89563f00069ffa7d1\kotlin-script-runtime-1.9.0.jar;C:\Users\Bayu Purnama Aji\.gradle\caches\modules-2\files-2.1\org.jetbrains.kotlin\kotlin-reflect\1.6.10\1cbe9c92c12a94eea200d23c2bbaedaf3daf5132\kotlin-reflect-1.6.10.jar;C:\Users\Bayu Purnama Aji\.gradle\caches\modules-2\files-2.1\org.jetbrains.kotlin\kotlin-daemon-embeddable\1.9.0\186543f5e28cf8d9a0290fecc2cf34301c40a65c\kotlin-daemon-embeddable-1.9.0.jar;C:\Users\Bayu Purnama Aji\.gradle\caches\modules-2\files-2.1\org.jetbrains.intellij.deps\trove4j\1.0.20200330\3afb14d5f9ceb459d724e907a21145e8ff394f02\trove4j-1.0.20200330.jar;C:\Users\Bayu Purnama Aji\.gradle\caches\modules-2\files-2.1\org.jetbrains.kotlin\kotlin-stdlib-common\1.9.0\cd65c21cfd1eec4d44ef09f9f52b6d9f8a720636\kotlin-stdlib-common-1.9.0.jar;C:\Users\Bayu Purnama Aji\.gradle\caches\modules-2\files-2.1\org.jetbrains\annotations\13.0\919f0dfe192fb4e063e7dacadee7f8bb9a2672a9\annotations-13.0.jar
Launcher Type: SUN_STANDARD

[Global flags]
     intx CICompilerCount                          = 4                                         {product} {ergonomic}
     uint ConcGCThreads                            = 2                                         {product} {ergonomic}
     uint G1ConcRefinementThreads                  = 8                                         {product} {ergonomic}
   size_t G1HeapRegionSize                         = 1048576                                   {product} {ergonomic}
    uintx GCDrainStackTargetSize                   = 64                                        {product} {ergonomic}
   size_t InitialHeapSize                          = 132120576                                 {product} {ergonomic}
   size_t MarkStackSize                            = 4194304                                   {product} {ergonomic}
   size_t MaxHeapSize                              = 2105540608                                {product} {ergonomic}
   size_t MaxNewSize                               = 1262485504                                {product} {ergonomic}
   size_t MinHeapDeltaBytes                        = 1048576                                   {product} {ergonomic}
   size_t MinHeapSize                              = 8388608                                   {product} {ergonomic}
    uintx NonNMethodCodeHeapSize                   = 5839372                                {pd product} {ergonomic}
    uintx NonProfiledCodeHeapSize                  = 122909434                              {pd product} {ergonomic}
    uintx ProfiledCodeHeapSize                     = 122909434                              {pd product} {ergonomic}
    uintx ReservedCodeCacheSize                    = 251658240                              {pd product} {ergonomic}
     bool SegmentedCodeCache                       = true                                      {product} {ergonomic}
   size_t SoftMaxHeapSize                          = 2105540608                             {manageable} {ergonomic}
     bool UseCompressedClassPointers               = true                           {product lp64_product} {ergonomic}
     bool UseCompressedOops                        = true                           {product lp64_product} {ergonomic}
     bool UseG1GC                                  = true                                      {product} {ergonomic}
     bool UseLargePagesIndividualAllocation        = false                                  {pd product} {ergonomic}

Logging:
Log output configuration:
 #0: stdout all=warning uptime,level,tags
 #1: stderr all=off uptime,level,tags

Environment Variables:
PATH=C:\Program Files\Common Files\Oracle\Java\javapath;C:\Windows\system32;C:\Windows;C:\Windows\System32\Wbem;C:\Windows\System32\WindowsPowerShell\v1.0\;C:\Windows\System32\OpenSSH\;C:\Program Files\Intel\WiFi\bin\;C:\Program Files\Common Files\Intel\WirelessCommon\;C:\Program Files\Git\cmd;C:\Program Files\nodejs\;C:\xampp\php;C:\composer;C:\Users\Bayu Purnama Aji\AppData\Local\Programs\Python\Python311\Scripts\;C:\Users\Bayu Purnama Aji\AppData\Local\Programs\Python\Python311\;C:\Users\Bayu Purnama Aji\AppData\Local\Microsoft\WindowsApps;;C:\Users\Bayu Purnama Aji\AppData\Local\Programs\Microsoft VS Code\bin;C:\Users\Bayu Purnama Aji\AppData\Roaming\npm;C:\Users\Bayu Purnama Aji\AppData\Roaming\Composer\vendor\bin;D:\Aplikasi\IntelliJ IDEA 2024.2.1\bin;
USERNAME=Bayu Purnama Aji
OS=Windows_NT
PROCESSOR_IDENTIFIER=Intel64 Family 6 Model 142 Stepping 10, GenuineIntel
TMP=C:\Users\BAYUPU~1\AppData\Local\Temp
TEMP=C:\Users\BAYUPU~1\AppData\Local\Temp



Periodic native trim disabled

JNI global refs:
JNI global refs: 12, weak refs: 14

JNI global refs memory usage: 843, weak refs: 841

Process memory usage:
Resident Set Size: 462144K (5% of 8223716K total physical memory with 1886544K free physical memory)

OOME stack traces (most recent first):
Classloader memory used:
Loader jdk.internal.loader.ClassLoaders$AppClassLoader                                 : 8745K
Loader bootstrap                                                                       : 1462K
Loader java.net.URLClassLoader                                                         : 304K
Loader jdk.internal.reflect.DelegatingClassLoader                                      : 21479B


---------------  S Y S T E M  ---------------

OS:
 Windows 11 , 64 bit Build 22621 (10.0.22621.4391)
OS uptime: 0 days 22:24 hours
Hyper-V role detected

CPU: total 8 (initial active 8) (4 cores per cpu, 2 threads per core) family 6 model 142 stepping 10 microcode 0xf0, cx8, cmov, fxsr, ht, mmx, 3dnowpref, sse, sse2, sse3, ssse3, sse4.1, sse4.2, popcnt, lzcnt, tsc, tscinvbit, avx, avx2, aes, erms, clmul, bmi1, bmi2, rtm, adx, fma, vzeroupper, clflush, clflushopt, hv
Processor Information for processor 0
  Max Mhz: 1896, Current Mhz: 1496, Mhz Limit: 1687
Processor Information for processor 1
  Max Mhz: 1896, Current Mhz: 1496, Mhz Limit: 1687
Processor Information for processor 2
  Max Mhz: 1896, Current Mhz: 1496, Mhz Limit: 1687
Processor Information for processor 3
  Max Mhz: 1896, Current Mhz: 1496, Mhz Limit: 1687
Processor Information for processor 4
  Max Mhz: 1896, Current Mhz: 1496, Mhz Limit: 1687
Processor Information for processor 5
  Max Mhz: 1896, Current Mhz: 1696, Mhz Limit: 1687
Processor Information for processor 6
  Max Mhz: 1896, Current Mhz: 1496, Mhz Limit: 1687
Processor Information for processor 7
  Max Mhz: 1896, Current Mhz: 1496, Mhz Limit: 1687

Memory: 4k page, system-wide physical 8030M (1839M free)
TotalPageFile size 15952M (AvailPageFile size 95M)
current process WorkingSet (physical memory assigned to process): 451M, peak: 454M
current process commit charge ("private bytes"): 490M, peak: 626M

vm_info: OpenJDK 64-Bit Server VM (17.0.11+0--11852314) for windows-amd64 JRE (17.0.11+0--11852314), built on May 16 2024 21:29:20 by "androidbuild" with MS VC++ 16.10 / 16.11 (VS2019)

END.
